2023-11-02 14:02:22,390 [INFO] Activator:176 - 


2023-11-02 14:02:22,393 [INFO] Activator:177 - !SESSION log4j initialized
2023-11-02 14:02:25,232 [INFO] LogOutputStream:77 - [STDOUT_REDIRECT] 
2023-11-02 14:02:30,894 [INFO] ApplicationProperties:184 - Using Application install path: C:\appz\ST\STM32CubeIDE_1.10.1\STM32CubeIDE\plugins\com.st.stm32cube.common.mx_6.9.1.202307191849
2023-11-02 14:02:30,917 [INFO] DbMcusXml:78 - Set database path to: C:\appz\ST\STM32CubeIDE_1.10.1\STM32CubeIDE\plugins\com.st.stm32cube.common.mx_6.9.1.202307191849\\db\/mcu/
2023-11-02 14:02:30,917 [INFO] ApiDb:274 - Set plugin database path to: C:\appz\ST\STM32CubeIDE_1.10.1\STM32CubeIDE\plugins\com.st.stm32cube.common.mx_6.9.1.202307191849\\db\/plugins/boardmanager/
2023-11-02 14:02:30,918 [WARN] ApiDb:259 - Overriding images path with different value:  => C:\appz\ST\STM32CubeIDE_1.10.1\STM32CubeIDE\plugins\com.st.stm32cube.common.mx_6.9.1.202307191849\\db\/plugins/mcufinder/images/
2023-11-02 14:02:32,768 [WARN] ApiFinderProperties:113 - C:\Users\xsedla1n\.stmcufinder\plugins\mcufinder\mcu\mcuFinder.mfd doesn't exist
2023-11-02 14:02:32,769 [INFO] ApiDb:250 - Set database path to: C:\Users\xsedla1n\.stmcufinder\plugins\mcufinder//mcu/
2023-11-02 14:02:32,771 [INFO] DbMcusAds:125 - Set database path to: C:\Users\xsedla1n\.stmcufinder\plugins\mcufinder//mcu/
2023-11-02 14:02:32,773 [INFO] CrossReferenceDbSqlite:203 - Set database path to: C:\Users\xsedla1n\.stmcufinder\plugins\mcufinder//mcu/cs/
2023-11-02 14:02:32,914 [INFO] RulesReader:64 - Compatibility file has been processed (293 Rules)
2023-11-02 14:02:33,015 [INFO] DbMcusXml:78 - Set database path to: C:\appz\ST\STM32CubeIDE_1.10.1\STM32CubeIDE\plugins\com.st.stm32cube.common.mx_6.9.1.202307191849\\db\/mcu/
2023-11-02 14:02:33,015 [INFO] ApiDb:274 - Set plugin database path to: C:\appz\ST\STM32CubeIDE_1.10.1\STM32CubeIDE\plugins\com.st.stm32cube.common.mx_6.9.1.202307191849\\db\/plugins/boardmanager/
2023-11-02 14:02:33,015 [INFO] ApiDb:261 - Set plugin images path to: C:\appz\ST\STM32CubeIDE_1.10.1\STM32CubeIDE\plugins\com.st.stm32cube.common.mx_6.9.1.202307191849\\db\/plugins/mcufinder/images/
2023-11-02 14:02:33,015 [WARN] DbFile:41 - Overriding database path with different value: C:\Users\xsedla1n\.stmcufinder\plugins\mcufinder/ => C:\Users\xsedla1n\.stmcufinder\plugins\mcufinder
2023-11-02 14:02:33,015 [INFO] ApiDb:250 - Set database path to: C:\Users\xsedla1n\.stmcufinder\plugins\mcufinder//mcu/
2023-11-02 14:02:33,016 [WARN] DbFile:41 - Overriding database path with different value: C:\Users\xsedla1n\.stmcufinder\plugins\mcufinder/ => C:\Users\xsedla1n\.stmcufinder\plugins\mcufinder
2023-11-02 14:02:33,016 [INFO] DbMcusAds:125 - Set database path to: C:\Users\xsedla1n\.stmcufinder\plugins\mcufinder//mcu/
2023-11-02 14:02:33,016 [WARN] DbFile:41 - Overriding database path with different value: C:\Users\xsedla1n\.stmcufinder\plugins\mcufinder/ => C:\Users\xsedla1n\.stmcufinder\plugins\mcufinder
2023-11-02 14:02:33,016 [WARN] DbFile:41 - Overriding database path with different value: C:\Users\xsedla1n\.stmcufinder\plugins\mcufinder/ => C:\Users\xsedla1n\.stmcufinder\plugins\mcufinder
2023-11-02 14:02:33,016 [INFO] CrossReferenceDbSqlite:203 - Set database path to: C:\Users\xsedla1n\.stmcufinder\plugins\mcufinder//mcu/cs/
2023-11-02 14:02:33,105 [INFO] MainPanel:262 - HeapMemory: 268435456
2023-11-02 14:02:33,219 [INFO] DbMcusXml:78 - Set database path to: C:\appz\ST\STM32CubeIDE_1.10.1\STM32CubeIDE\plugins\com.st.stm32cube.common.mx_6.9.1.202307191849\\db\/mcu/
2023-11-02 14:02:33,219 [INFO] ApiDb:274 - Set plugin database path to: C:\appz\ST\STM32CubeIDE_1.10.1\STM32CubeIDE\plugins\com.st.stm32cube.common.mx_6.9.1.202307191849\\db\/plugins/boardmanager/
2023-11-02 14:02:33,219 [INFO] ApiDb:261 - Set plugin images path to: C:\appz\ST\STM32CubeIDE_1.10.1\STM32CubeIDE\plugins\com.st.stm32cube.common.mx_6.9.1.202307191849\\db\/plugins/mcufinder/images/
2023-11-02 14:02:33,220 [WARN] DbFile:41 - Overriding database path with different value: C:\Users\xsedla1n\.stmcufinder\plugins\mcufinder/ => C:\Users\xsedla1n\.stmcufinder\plugins\mcufinder
2023-11-02 14:02:33,220 [INFO] ApiDb:250 - Set database path to: C:\Users\xsedla1n\.stmcufinder\plugins\mcufinder//mcu/
2023-11-02 14:02:33,220 [WARN] DbFile:41 - Overriding database path with different value: C:\Users\xsedla1n\.stmcufinder\plugins\mcufinder/ => C:\Users\xsedla1n\.stmcufinder\plugins\mcufinder
2023-11-02 14:02:33,220 [INFO] DbMcusAds:125 - Set database path to: C:\Users\xsedla1n\.stmcufinder\plugins\mcufinder//mcu/
2023-11-02 14:02:33,220 [WARN] DbFile:41 - Overriding database path with different value: C:\Users\xsedla1n\.stmcufinder\plugins\mcufinder/ => C:\Users\xsedla1n\.stmcufinder\plugins\mcufinder
2023-11-02 14:02:33,220 [WARN] DbFile:41 - Overriding database path with different value: C:\Users\xsedla1n\.stmcufinder\plugins\mcufinder/ => C:\Users\xsedla1n\.stmcufinder\plugins\mcufinder
2023-11-02 14:02:33,220 [INFO] CrossReferenceDbSqlite:203 - Set database path to: C:\Users\xsedla1n\.stmcufinder\plugins\mcufinder//mcu/cs/
2023-11-02 14:02:33,242 [INFO] ApplicationProperties:184 - Using Application install path: C:\appz\ST\STM32CubeIDE_1.10.1\STM32CubeIDE\plugins\com.st.stm32cube.common.mx_6.9.1.202307191849
2023-11-02 14:02:33,244 [INFO] PluginManage:196 - Search for loadable plugins [exclusion list=, ]
2023-11-02 14:02:33,245 [INFO] PluginManage:310 - Check plugin analytics
2023-11-02 14:02:33,431 [INFO] AnalyticsPlugin:253 - Accepted Software Licenses: 
2023-11-02 14:02:33,431 [INFO] AnalyticsPlugin:255 - Accepted CMSIS Pack Licenses: 
2023-11-02 14:02:33,432 [INFO] AnalyticsPlugin:257 - Accepted Firmware Licenses: 
2023-11-02 14:02:33,434 [INFO] PluginManage:359 - Loaded plugin analytics (category:tool,tabindex:-1)
2023-11-02 14:02:33,435 [INFO] PluginManage:310 - Check plugin cadmodel
2023-11-02 14:02:33,442 [INFO] CADModel:105 - Init CAD model plugin
2023-11-02 14:02:33,442 [INFO] PluginManage:359 - Loaded plugin cadmodel (category:power,tabindex:5)
2023-11-02 14:02:33,442 [INFO] PluginManage:310 - Check plugin clock
2023-11-02 14:02:33,455 [INFO] PluginManage:359 - Loaded plugin clock (category:base,tabindex:2)
2023-11-02 14:02:33,455 [INFO] PluginManage:310 - Check plugin ddr
2023-11-02 14:02:33,458 [INFO] PluginManage:359 - Loaded plugin ddr (category:tool,tabindex:6)
2023-11-02 14:02:33,458 [INFO] PluginManage:310 - Check plugin filemanager
2023-11-02 14:02:33,601 [INFO] PluginManage:359 - Loaded plugin filemanager (category:base,tabindex:10)
2023-11-02 14:02:33,601 [INFO] PluginManage:310 - Check plugin ipmanager
2023-11-02 14:02:33,612 [INFO] PluginManage:359 - Loaded plugin ipmanager (category:base,tabindex:5)
2023-11-02 14:02:33,612 [INFO] PluginManage:310 - Check plugin lpbam
2023-11-02 14:02:33,622 [INFO] PluginManage:359 - Loaded plugin lpbam (category:base,tabindex:0)
2023-11-02 14:02:33,622 [INFO] PluginManage:310 - Check plugin memorymap
2023-11-02 14:02:33,640 [INFO] PluginManage:359 - Loaded plugin memorymap (category:base,tabindex:4)
2023-11-02 14:02:33,640 [INFO] PluginManage:310 - Check plugin pinoutandconfiguration
2023-11-02 14:02:33,650 [INFO] PluginManage:359 - Loaded plugin pinoutandconfiguration (category:base,tabindex:1)
2023-11-02 14:02:33,650 [INFO] PluginManage:310 - Check plugin pinoutconfig
2023-11-02 14:02:33,851 [WARN] SupportedApi:132 - Cannot load RTOS API schema: s4s-elt-must-match.1: The content of 'definitions' must match (annotation?, (simpleType | complexType)?, (unique | key | keyref)*)). A problem was found starting at: attribute.
2023-11-02 14:02:34,055 [INFO] PluginManage:359 - Loaded plugin pinoutconfig (category:base,tabindex:0)
2023-11-02 14:02:34,055 [INFO] PluginManage:310 - Check plugin power
2023-11-02 14:02:34,070 [INFO] PluginManage:359 - Loaded plugin power (category:power,tabindex:4)
2023-11-02 14:02:34,070 [INFO] PluginManage:310 - Check plugin projectmanager
2023-11-02 14:02:34,141 [INFO] PluginManage:359 - Loaded plugin projectmanager (category:projectmanager,tabindex:3)
2023-11-02 14:02:34,141 [INFO] PluginManage:310 - Check plugin thirdparty
2023-11-02 14:02:34,344 [INFO] PluginManage:359 - Loaded plugin thirdparty (category:base,tabindex:-1)
2023-11-02 14:02:34,344 [INFO] PluginManage:310 - Check plugin tools
2023-11-02 14:02:34,346 [WARN] IntegrityCheckThread:84 - waiting for thirdparty lock release [integrity check]
2023-11-02 14:02:34,346 [INFO] IntegrityCheckThread:86 - entering critical section [integrity check]
2023-11-02 14:02:34,347 [INFO] ThirdPartyUpdaterWithRetryManager:70 - Updater plugin not ready yet. [1/15]
2023-11-02 14:02:34,348 [INFO] PluginManage:359 - Loaded plugin tools (category:base,tabindex:7)
2023-11-02 14:02:34,348 [INFO] PluginManage:310 - Check plugin tutovideos
2023-11-02 14:02:34,558 [INFO] PluginManage:359 - Loaded plugin tutovideos (category:base,tabindex:-1)
2023-11-02 14:02:34,559 [INFO] PluginManage:310 - Check plugin updater
2023-11-02 14:02:34,572 [INFO] PluginManage:359 - Loaded plugin updater (category:base,tabindex:12)
2023-11-02 14:02:34,572 [INFO] PluginManage:310 - Check plugin userauth
2023-11-02 14:02:34,579 [INFO] UserAuth:113 - Init User Auth plugin
2023-11-02 14:02:34,579 [INFO] PluginManage:359 - Loaded plugin userauth (category:base,tabindex:14)
2023-11-02 14:02:34,580 [INFO] PluginManage:283 - PluginManage : Loaded plugins [17]
2023-11-02 14:02:34,857 [INFO] PinOutPanel:1499 - setPackage(No Configuration,No Configuration)
2023-11-02 14:02:35,008 [INFO] CADModel:165 - CPN selected for project level
2023-11-02 14:02:35,008 [INFO] CADModel:114 - Register for checkConnection events
2023-11-02 14:02:35,037 [INFO] IPUIPlugin:80 - create IPUIPlugin
2023-11-02 14:02:35,038 [INFO] PluginManager:220 - loadIPPluginJar : add adc
2023-11-02 14:02:35,043 [INFO] IPUIPlugin:80 - create IPUIPlugin
2023-11-02 14:02:35,043 [INFO] PluginManager:220 - loadIPPluginJar : add aes
2023-11-02 14:02:35,048 [INFO] IPUIPlugin:80 - create IPUIPlugin
2023-11-02 14:02:35,048 [INFO] PluginManager:220 - loadIPPluginJar : add can
2023-11-02 14:02:35,051 [INFO] IPUIPlugin:80 - create IPUIPlugin
2023-11-02 14:02:35,052 [INFO] PluginManager:220 - loadIPPluginJar : add comp
2023-11-02 14:02:35,059 [INFO] IPUIPlugin:80 - create IPUIPlugin
2023-11-02 14:02:35,059 [INFO] PluginManager:220 - loadIPPluginJar : add cryp
2023-11-02 14:02:35,064 [INFO] IPUIPlugin:80 - create IPUIPlugin
2023-11-02 14:02:35,065 [INFO] PluginManager:220 - loadIPPluginJar : add dfsdm
2023-11-02 14:02:35,077 [INFO] IPUIPlugin:80 - create IPUIPlugin
2023-11-02 14:02:35,081 [INFO] PluginManager:220 - loadIPPluginJar : add dma
2023-11-02 14:02:35,088 [INFO] IPUIPlugin:80 - create IPUIPlugin
2023-11-02 14:02:35,088 [INFO] PluginManager:220 - loadIPPluginJar : add dma3
2023-11-02 14:02:35,091 [INFO] IPUIPlugin:80 - create IPUIPlugin
2023-11-02 14:02:35,091 [INFO] PluginManager:220 - loadIPPluginJar : add fatfs
2023-11-02 14:02:35,099 [INFO] IPUIPlugin:80 - create IPUIPlugin
2023-11-02 14:02:35,099 [INFO] PluginManager:220 - loadIPPluginJar : add fmc
2023-11-02 14:02:35,108 [INFO] IPUIPlugin:80 - create IPUIPlugin
2023-11-02 14:02:35,108 [INFO] PluginManager:220 - loadIPPluginJar : add freertos
2023-11-02 14:02:35,111 [INFO] IPUIPlugin:80 - create IPUIPlugin
2023-11-02 14:02:35,111 [INFO] PluginManager:220 - loadIPPluginJar : add genericplugin
2023-11-02 14:02:35,114 [INFO] IPUIPlugin:80 - create IPUIPlugin
2023-11-02 14:02:35,115 [INFO] PluginManager:220 - loadIPPluginJar : add gfxmmu
2023-11-02 14:02:35,122 [INFO] IPUIPlugin:80 - create IPUIPlugin
2023-11-02 14:02:35,123 [INFO] PluginManager:220 - loadIPPluginJar : add gic
2023-11-02 14:02:35,129 [INFO] IPUIPlugin:80 - create IPUIPlugin
2023-11-02 14:02:35,129 [INFO] PluginManager:220 - loadIPPluginJar : add gpio
2023-11-02 14:02:35,133 [INFO] IPUIPlugin:80 - create IPUIPlugin
2023-11-02 14:02:35,133 [INFO] PluginManager:220 - loadIPPluginJar : add gtzc
2023-11-02 14:02:35,144 [INFO] IPUIPlugin:80 - create IPUIPlugin
2023-11-02 14:02:35,145 [INFO] PluginManager:220 - loadIPPluginJar : add hash
2023-11-02 14:02:35,149 [INFO] IPUIPlugin:80 - create IPUIPlugin
2023-11-02 14:02:35,149 [INFO] PluginManager:220 - loadIPPluginJar : add i2c
2023-11-02 14:02:35,154 [INFO] IPUIPlugin:80 - create IPUIPlugin
2023-11-02 14:02:35,154 [INFO] PluginManager:220 - loadIPPluginJar : add i2s
2023-11-02 14:02:35,158 [INFO] IPUIPlugin:80 - create IPUIPlugin
2023-11-02 14:02:35,158 [INFO] PluginManager:220 - loadIPPluginJar : add i3c
2023-11-02 14:02:35,162 [INFO] IPUIPlugin:80 - create IPUIPlugin
2023-11-02 14:02:35,162 [INFO] PluginManager:220 - loadIPPluginJar : add ipddr
2023-11-02 14:02:35,171 [INFO] IPUIPlugin:80 - create IPUIPlugin
2023-11-02 14:02:35,171 [INFO] PluginManager:220 - loadIPPluginJar : add linkedlist
2023-11-02 14:02:35,175 [INFO] IPUIPlugin:80 - create IPUIPlugin
2023-11-02 14:02:35,175 [INFO] PluginManager:220 - loadIPPluginJar : add lorawan
2023-11-02 14:02:35,178 [INFO] IPUIPlugin:80 - create IPUIPlugin
2023-11-02 14:02:35,178 [INFO] PluginManager:220 - loadIPPluginJar : add ltdc
2023-11-02 14:02:35,188 [INFO] IPUIPlugin:80 - create IPUIPlugin
2023-11-02 14:02:35,188 [INFO] PluginManager:220 - loadIPPluginJar : add mdma
2023-11-02 14:02:35,195 [INFO] IPUIPlugin:80 - create IPUIPlugin
2023-11-02 14:02:35,195 [INFO] PluginManager:220 - loadIPPluginJar : add nvic
2023-11-02 14:02:35,199 [INFO] IPUIPlugin:80 - create IPUIPlugin
2023-11-02 14:02:35,199 [INFO] PluginManager:220 - loadIPPluginJar : add opamp
2023-11-02 14:02:35,204 [INFO] IPUIPlugin:80 - create IPUIPlugin
2023-11-02 14:02:35,204 [INFO] PluginManager:220 - loadIPPluginJar : add openamp
2023-11-02 14:02:35,208 [INFO] IPUIPlugin:80 - create IPUIPlugin
2023-11-02 14:02:35,209 [INFO] PluginManager:220 - loadIPPluginJar : add pdm2pcm
2023-11-02 14:02:35,216 [INFO] IPUIPlugin:80 - create IPUIPlugin
2023-11-02 14:02:35,219 [INFO] PluginManager:220 - loadIPPluginJar : add plateformsettings
2023-11-02 14:02:35,223 [INFO] IPUIPlugin:80 - create IPUIPlugin
2023-11-02 14:02:35,223 [INFO] PluginManager:220 - loadIPPluginJar : add quadspi
2023-11-02 14:02:35,229 [INFO] IPUIPlugin:80 - create IPUIPlugin
2023-11-02 14:02:35,229 [INFO] PluginManager:220 - loadIPPluginJar : add resmgrutility
2023-11-02 14:02:35,233 [INFO] IPUIPlugin:80 - create IPUIPlugin
2023-11-02 14:02:35,234 [INFO] PluginManager:220 - loadIPPluginJar : add sai
2023-11-02 14:02:35,237 [INFO] IPUIPlugin:80 - create IPUIPlugin
2023-11-02 14:02:35,238 [INFO] PluginManager:220 - loadIPPluginJar : add spi
2023-11-02 14:02:35,244 [INFO] IPUIPlugin:80 - create IPUIPlugin
2023-11-02 14:02:35,244 [INFO] PluginManager:220 - loadIPPluginJar : add stm32_wpan
2023-11-02 14:02:35,247 [INFO] IPUIPlugin:80 - create IPUIPlugin
2023-11-02 14:02:35,247 [INFO] PluginManager:220 - loadIPPluginJar : add tim
2023-11-02 14:02:35,250 [INFO] IPUIPlugin:80 - create IPUIPlugin
2023-11-02 14:02:35,251 [INFO] PluginManager:220 - loadIPPluginJar : add touchsensing
2023-11-02 14:02:35,254 [INFO] IPUIPlugin:80 - create IPUIPlugin
2023-11-02 14:02:35,254 [INFO] PluginManager:220 - loadIPPluginJar : add tracer_emb
2023-11-02 14:02:35,259 [INFO] IPUIPlugin:80 - create IPUIPlugin
2023-11-02 14:02:35,259 [INFO] PluginManager:220 - loadIPPluginJar : add ts
2023-11-02 14:02:35,261 [INFO] IPUIPlugin:80 - create IPUIPlugin
2023-11-02 14:02:35,261 [INFO] PluginManager:220 - loadIPPluginJar : add tsc
2023-11-02 14:02:35,264 [INFO] IPUIPlugin:80 - create IPUIPlugin
2023-11-02 14:02:35,264 [INFO] PluginManager:220 - loadIPPluginJar : add ucpd
2023-11-02 14:02:35,268 [INFO] IPUIPlugin:80 - create IPUIPlugin
2023-11-02 14:02:35,269 [INFO] PluginManager:220 - loadIPPluginJar : add usart
2023-11-02 14:02:35,273 [INFO] IPUIPlugin:80 - create IPUIPlugin
2023-11-02 14:02:35,273 [INFO] PluginManager:220 - loadIPPluginJar : add usbx
2023-11-02 14:02:35,409 [INFO] CADModel:165 - CPN selected for project level
2023-11-02 14:02:35,409 [INFO] CADModel:114 - Register for checkConnection events
2023-11-02 14:02:35,410 [FATAL] Updater:308 - Updater called before beeing initialized
2023-11-02 14:02:35,410 [ERROR] CADModel:125 - Updater not yet initialized, retry later 
2023-11-02 14:02:35,564 [INFO] CADModel:165 - CPN selected for project level
2023-11-02 14:02:35,564 [INFO] CADModel:114 - Register for checkConnection events
2023-11-02 14:02:35,565 [FATAL] Updater:308 - Updater called before beeing initialized
2023-11-02 14:02:35,565 [ERROR] CADModel:125 - Updater not yet initialized, retry later 
2023-11-02 14:02:35,569 [FATAL] Updater:308 - Updater called before beeing initialized
2023-11-02 14:02:35,717 [FATAL] Updater:308 - Updater called before beeing initialized
2023-11-02 14:02:35,725 [INFO] DbMcusAds:53 - JSON generation date=Thu Sep 30 08:55:09 CEST 2021 (1632984909247)
2023-11-02 14:02:35,725 [FATAL] Updater:308 - Updater called before beeing initialized
2023-11-02 14:02:35,777 [WARN] DetailPanel:346 - Failed to get advertising image, set to default
2023-11-02 14:02:35,894 [FATAL] Updater:308 - Updater called before beeing initialized
2023-11-02 14:02:35,896 [FATAL] Updater:308 - Updater called before beeing initialized
2023-11-02 14:02:35,896 [FATAL] Updater:308 - Updater called before beeing initialized
2023-11-02 14:02:35,896 [WARN] DetailPanel:346 - Failed to get advertising image, set to default
2023-11-02 14:02:35,898 [FATAL] Updater:308 - Updater called before beeing initialized
2023-11-02 14:02:35,953 [ERROR] Updater:1120 - MainUpdater not yet initialized. External WinMGr cannot be set.
2023-11-02 14:02:35,955 [INFO] Updater:1056 - Updater Version found : 6.9.1
2023-11-02 14:02:35,974 [INFO] ApplicationProperties:184 - Using Application install path: C:\appz\ST\STM32CubeIDE_1.10.1\STM32CubeIDE\plugins\com.st.stm32cube.common.mx_6.9.1.202307191849
2023-11-02 14:02:36,012 [INFO] MainUpdater:521 - Copy updater definitions from MX database
2023-11-02 14:02:36,056 [INFO] MainUpdater:554 - Copy flag file definitions from MX database
2023-11-02 14:02:36,058 [INFO] MainUpdater:570 - Copy thirdparty index definitions from MX database
2023-11-02 14:02:36,061 [INFO] MainUpdater:589 - Copy default thirdparty db definitions from MX database
2023-11-02 14:02:36,107 [INFO] MainUpdater:2868 - connection check result : 10
2023-11-02 14:02:36,107 [INFO] MainUpdater:3562 - Updater definition file requires update
2023-11-02 14:02:36,108 [INFO] MainUpdater:285 - Updater Check For Update Now.
2023-11-02 14:02:36,108 [INFO] MicroXplorer:498 - Change Database Version : DB.6.0.91
2023-11-02 14:02:36,119 [INFO] McuFinderGlobals:63 - Set McuFinder mode to 2 (CubeIDE integrated)
2023-11-02 14:02:36,119 [INFO] UserAuth:179 - activating auth plugin
2023-11-02 14:02:36,122 [INFO] UserAuth:393 - Internet connection configuration mode: 1
2023-11-02 14:02:36,130 [INFO] ServerAccessManage:473 - Download File updaters.zip
2023-11-02 14:02:36,162 [INFO] JxBrowserEngine:151 - Initiate JxBrowser Engine with user profile folder
2023-11-02 14:02:36,213 [INFO] FileExtend:240 - Unzip File : updaters.zip
2023-11-02 14:02:36,213 [INFO] FileExtend:255 - Standard Zip Deflate
2023-11-02 14:02:36,574 [INFO] ServerAccessManage:473 - Download File PacksControlFlags.xml
2023-11-02 14:02:36,731 [INFO] ServerAccessManage:473 - Download File cubemx.pidx
2023-11-02 14:02:36,902 [INFO] ServerAccessManage:473 - Download File STMicroelectronics.FP-ATR-ASTRA1.pdsc
2023-11-02 14:02:37,039 [INFO] ServerAccessManage:473 - Download File STMicroelectronics.FP-ATR-SIGFOX1.pdsc
2023-11-02 14:02:37,097 [INFO] ServerAccessManage:473 - Download File STMicroelectronics.FP-SNS-FLIGHT1.pdsc
2023-11-02 14:02:37,196 [INFO] ServerAccessManage:473 - Download File STMicroelectronics.FP-SNS-MOTENV1.pdsc
2023-11-02 14:02:37,340 [INFO] ServerAccessManage:473 - Download File STMicroelectronics.FP-SNS-SMARTAG2.pdsc
2023-11-02 14:02:37,349 [WARN] MainUpdater:1189 - Updater busy. Cannot search thirdparties
2023-11-02 14:02:37,349 [INFO] ThirdPartyUpdaterWithRetryManager:96 - Updater plugin is busy. [1/15]
2023-11-02 14:02:37,406 [INFO] ServerAccessManage:473 - Download File STMicroelectronics.X-CUBE-AI.pdsc
2023-11-02 14:02:37,869 [INFO] ServerAccessManage:473 - Download File STMicroelectronics.X-CUBE-ALS.pdsc
2023-11-02 14:02:37,963 [INFO] ServerAccessManage:473 - Download File STMicroelectronics.X-CUBE-BLE1.pdsc
2023-11-02 14:02:38,316 [ERROR] ServerAccessManage:1089 - Problem, file not found on Server
2023-11-02 14:02:38,338 [INFO] ServerAccessManage:473 - Download File STMicroelectronics.X-CUBE-BLE2.pdsc
2023-11-02 14:02:38,542 [INFO] ServerAccessManage:473 - Download File STMicroelectronics.X-CUBE-BLEMGR.pdsc
2023-11-02 14:02:38,724 [INFO] ServerAccessManage:473 - Download File STMicroelectronics.X-CUBE-DISPLAY.pdsc
2023-11-02 14:02:38,898 [INFO] ServerAccessManage:473 - Download File STMicroelectronics.X-CUBE-EEPRMA1.pdsc
2023-11-02 14:02:39,169 [ERROR] ServerAccessManage:1089 - Problem, file not found on Server
2023-11-02 14:02:39,250 [INFO] ServerAccessManage:473 - Download File STMicroelectronics.X-CUBE-FREERTOS.pdsc
2023-11-02 14:02:39,426 [INFO] ServerAccessManage:473 - Download File STMicroelectronics.X-CUBE-GNSS1.pdsc
2023-11-02 14:02:39,783 [ERROR] ServerAccessManage:1089 - Problem, file not found on Server
2023-11-02 14:02:39,950 [ERROR] ServerAccessManage:1089 - Problem, file not found on Server
2023-11-02 14:02:40,090 [ERROR] ServerAccessManage:1089 - Problem, file not found on Server
2023-11-02 14:02:40,228 [ERROR] ServerAccessManage:1089 - Problem, file not found on Server
2023-11-02 14:02:40,351 [WARN] MainUpdater:1189 - Updater busy. Cannot search thirdparties
2023-11-02 14:02:40,351 [INFO] ThirdPartyUpdaterWithRetryManager:96 - Updater plugin is busy. [2/15]
2023-11-02 14:02:40,417 [ERROR] ServerAccessManage:1089 - Problem, file not found on Server
2023-11-02 14:02:40,567 [ERROR] ServerAccessManage:1089 - Problem, file not found on Server
2023-11-02 14:02:40,588 [INFO] ServerAccessManage:473 - Download File STMicroelectronics.X-CUBE-ISPU.pdsc
2023-11-02 14:02:40,674 [INFO] ServerAccessManage:473 - Download File STMicroelectronics.X-CUBE-MEMS1.pdsc
2023-11-02 14:02:41,241 [INFO] ServerAccessManage:473 - Download File STMicroelectronics.X-CUBE-NFC4.pdsc
2023-11-02 14:02:41,587 [INFO] ServerAccessManage:473 - Download File STMicroelectronics.X-CUBE-NFC6.pdsc
2023-11-02 14:02:41,659 [INFO] ServerAccessManage:473 - Download File STMicroelectronics.X-CUBE-NFC7.pdsc
2023-11-02 14:02:41,794 [INFO] ServerAccessManage:473 - Download File STMicroelectronics.X-CUBE-SFXS2LP1.pdsc
2023-11-02 14:02:41,921 [INFO] ServerAccessManage:473 - Download File STMicroelectronics.X-CUBE-SUBG2.pdsc
2023-11-02 14:02:42,195 [INFO] ServerAccessManage:473 - Download File STMicroelectronics.X-CUBE-SMBUS.pdsc
2023-11-02 14:02:42,445 [ERROR] ServerAccessManage:1089 - Problem, file not found on Server
2023-11-02 14:02:42,469 [INFO] ServerAccessManage:473 - Download File STMicroelectronics.X-CUBE-TOF1.pdsc
2023-11-02 14:02:42,807 [ERROR] ServerAccessManage:1089 - Problem, file not found on Server
2023-11-02 14:02:42,850 [INFO] ServerAccessManage:473 - Download File STMicroelectronics.X-CUBE-TOUCHGFX.pdsc
2023-11-02 14:02:43,056 [INFO] WebApp:157 - Instantiating new browser for Auth
2023-11-02 14:02:43,330 [INFO] ServerAccessManage:473 - Download File STMicroelectronics.X-CUBE-ALGOBUILD.pdsc
2023-11-02 14:02:43,353 [WARN] MainUpdater:1189 - Updater busy. Cannot search thirdparties
2023-11-02 14:02:43,354 [INFO] ThirdPartyUpdaterWithRetryManager:96 - Updater plugin is busy. [3/15]
2023-11-02 14:02:43,484 [INFO] ServerAccessManage:473 - Download File STMicroelectronics.X-CUBE-AZRTOS-H7.pdsc
2023-11-02 14:02:43,727 [INFO] ServerAccessManage:473 - Download File STMicroelectronics.X-CUBE-AZRTOS-F4.pdsc
2023-11-02 14:02:43,749 [INFO] WebApp:753 - Register for checkConnection events
2023-11-02 14:02:43,749 [INFO] WebApp:390 - Apply proxy settings
2023-11-02 14:02:43,749 [INFO] WebApp:475 - Chromium requires no authentication
2023-11-02 14:02:43,759 [INFO] WebApp:418 - Direct internet connection detected
2023-11-02 14:02:43,838 [INFO] ServerAccessManage:473 - Download File STMicroelectronics.X-CUBE-AZRTOS-F7.pdsc
2023-11-02 14:02:43,958 [INFO] WebApp:188 - Starting web application
2023-11-02 14:02:43,958 [INFO] WebApp:520 - Web application path used C:\appz\ST\STM32CubeIDE_1.10.1\STM32CubeIDE\plugins\com.st.stm32cube.common.mx_6.9.1.202307191849\db\plugins\mcufinder\reactClient1\index.html
2023-11-02 14:02:43,974 [INFO] ServerAccessManage:473 - Download File STMicroelectronics.X-CUBE-AZRTOS-L4.pdsc
2023-11-02 14:02:44,104 [INFO] ServerAccessManage:473 - Download File STMicroelectronics.X-CUBE-AZRTOS-L5.pdsc
2023-11-02 14:02:44,415 [INFO] ServerAccessManage:473 - Download File STMicroelectronics.X-CUBE-AZRTOS-G0.pdsc
2023-11-02 14:02:44,540 [INFO] ServerAccessManage:473 - Download File STMicroelectronics.X-CUBE-AZRTOS-G4.pdsc
2023-11-02 14:02:44,644 [INFO] ServerAccessManage:473 - Download File STMicroelectronics.X-CUBE-AZRTOS-WB.pdsc
2023-11-02 14:02:44,789 [INFO] ServerAccessManage:473 - Download File STMicroelectronics.X-CUBE-AZRTOS-WL.pdsc
2023-11-02 14:02:45,523 [INFO] ServerAccessManage:473 - Download File wolfSSL.I-CUBE-wolfSSL.pdsc
2023-11-02 14:02:46,356 [WARN] MainUpdater:1189 - Updater busy. Cannot search thirdparties
2023-11-02 14:02:46,356 [INFO] ThirdPartyUpdaterWithRetryManager:96 - Updater plugin is busy. [4/15]
2023-11-02 14:02:47,828 [ERROR] ServerAccessManage:1089 - Problem, file not found on Server
2023-11-02 14:02:48,141 [ERROR] ServerAccessManage:1089 - Problem, file not found on Server
2023-11-02 14:02:48,464 [ERROR] ServerAccessManage:1089 - Problem, file not found on Server
2023-11-02 14:02:48,930 [ERROR] ServerAccessManage:1096 - Problem, Http access forbiden
2023-11-02 14:02:48,931 [ERROR] ServerAccessManage:651 - Problem, Http access forbiden : RoweBots.I-CUBE-UNISONRTOS.pdsc.
2023-11-02 14:02:49,003 [ERROR] ServerAccessManage:1172 - Problem during Server Connection :  IO error PKIX path building failed: sun.security.provider.certpath.SunCertPathBuilderException: unable to find valid certification path to requested target
2023-11-02 14:02:49,003 [ERROR] ServerAccessManage:651 - Problem during Server Connection :  : SEGGER.I-CUBE-embOS.pdsc.
2023-11-02 14:02:49,102 [INFO] ServerAccessManage:473 - Download File portGmbH.I-Cube-SoM-uGOAL.pdsc
2023-11-02 14:02:49,279 [ERROR] ServerAccessManage:1089 - Problem, file not found on Server
2023-11-02 14:02:49,295 [ERROR] ServerAccessManage:1089 - Problem, file not found on Server
2023-11-02 14:02:49,311 [ERROR] ServerAccessManage:1089 - Problem, file not found on Server
2023-11-02 14:02:49,357 [WARN] MainUpdater:1189 - Updater busy. Cannot search thirdparties
2023-11-02 14:02:49,357 [INFO] ThirdPartyUpdaterWithRetryManager:96 - Updater plugin is busy. [5/15]
2023-11-02 14:02:49,466 [INFO] ServerAccessManage:473 - Download File emotas.I-CUBE-CANOPEN.pdsc
2023-11-02 14:02:50,315 [INFO] ServerAccessManage:473 - Download File WES.I-CUBE-Cesium.pdsc
2023-11-02 14:02:52,239 [ERROR] ServerAccessManage:1089 - Problem, file not found on Server
2023-11-02 14:02:52,358 [WARN] MainUpdater:1189 - Updater busy. Cannot search thirdparties
2023-11-02 14:02:52,358 [INFO] ThirdPartyUpdaterWithRetryManager:96 - Updater plugin is busy. [6/15]
2023-11-02 14:02:52,883 [ERROR] ServerAccessManage:1089 - Problem, file not found on Server
2023-11-02 14:02:53,604 [INFO] ServerAccessManage:473 - Download File ITTIA_DB.I-CUBE-ITTIADB.pdsc
2023-11-02 14:02:55,359 [WARN] MainUpdater:1189 - Updater busy. Cannot search thirdparties
2023-11-02 14:02:55,359 [INFO] ThirdPartyUpdaterWithRetryManager:96 - Updater plugin is busy. [7/15]
2023-11-02 14:02:56,074 [INFO] ServerAccessManage:473 - Download File Infineon.AIROC-Wi-Fi-Bluetooth-STM32.pdsc
2023-11-02 14:02:56,595 [WARN] PackLoader:240 - Cannot read IP mode file for STMicroelectronics.FP-ATR-ASTRA1.2.0.0
2023-11-02 14:02:56,605 [WARN] PackLoader:240 - Cannot read IP mode file for STMicroelectronics.FP-ATR-SIGFOX1.3.2.0
2023-11-02 14:02:56,619 [WARN] CheckServerUpdateThread:151 - Open CheckUpdateFile Fail
2023-11-02 14:02:56,620 [WARN] PackLoader:240 - Cannot read IP mode file for STMicroelectronics.FP-SNS-FLIGHT1.5.0.2
2023-11-02 14:02:56,628 [WARN] PackLoader:240 - Cannot read IP mode file for STMicroelectronics.FP-SNS-MOTENV1.4.3.2
2023-11-02 14:02:56,640 [WARN] PackLoader:240 - Cannot read IP mode file for STMicroelectronics.FP-SNS-SMARTAG2.1.2.0
2023-11-02 14:02:56,650 [WARN] PackLoader:240 - Cannot read IP mode file for STMicroelectronics.X-CUBE-AI.8.1.0
2023-11-02 14:02:56,662 [WARN] PackLoader:240 - Cannot read IP mode file for STMicroelectronics.X-CUBE-ALS.1.0.1
2023-11-02 14:02:56,674 [WARN] PackLoader:240 - Cannot read IP mode file for STMicroelectronics.X-CUBE-BLE1.7.0.0
2023-11-02 14:02:56,687 [WARN] PackLoader:240 - Cannot read IP mode file for STMicroelectronics.X-CUBE-BLE2.3.3.0
2023-11-02 14:02:56,710 [WARN] PackLoader:240 - Cannot read IP mode file for STMicroelectronics.X-CUBE-BLEMGR.3.0.0
2023-11-02 14:02:56,729 [WARN] PackLoader:240 - Cannot read IP mode file for STMicroelectronics.X-CUBE-DISPLAY.3.0.0
2023-11-02 14:02:56,743 [WARN] PackLoader:240 - Cannot read IP mode file for STMicroelectronics.X-CUBE-EEPRMA1.4.2.0
2023-11-02 14:02:56,750 [INFO] CheckServerUpdateThread:120 - End of CheckServer Thread
2023-11-02 14:02:56,757 [WARN] PackLoader:240 - Cannot read IP mode file for STMicroelectronics.X-CUBE-FREERTOS.1.1.0
2023-11-02 14:02:56,765 [WARN] PackLoader:240 - Cannot read IP mode file for STMicroelectronics.X-CUBE-GNSS1.6.0.0
2023-11-02 14:02:56,774 [WARN] PackLoader:240 - Cannot read IP mode file for STMicroelectronics.X-CUBE-ISPU.1.1.0
2023-11-02 14:02:56,859 [WARN] PackLoader:240 - Cannot read IP mode file for STMicroelectronics.X-CUBE-MEMS1.10.0.0
2023-11-02 14:02:57,060 [WARN] PackLoader:240 - Cannot read IP mode file for STMicroelectronics.X-CUBE-NFC4.3.0.0
2023-11-02 14:02:57,069 [WARN] PackLoader:240 - Cannot read IP mode file for STMicroelectronics.X-CUBE-NFC6.3.0.0
2023-11-02 14:02:57,077 [WARN] PackLoader:240 - Cannot read IP mode file for STMicroelectronics.X-CUBE-NFC7.1.0.1
2023-11-02 14:02:57,085 [WARN] PackLoader:240 - Cannot read IP mode file for STMicroelectronics.X-CUBE-SFXS2LP1.4.0.0
2023-11-02 14:02:57,096 [WARN] PackLoader:240 - Cannot read IP mode file for STMicroelectronics.X-CUBE-SUBG2.5.0.0
2023-11-02 14:02:57,108 [WARN] PackLoader:240 - Cannot read IP mode file for STMicroelectronics.X-CUBE-SMBUS.2.1.0
2023-11-02 14:02:57,118 [WARN] PackLoader:240 - Cannot read IP mode file for STMicroelectronics.X-CUBE-TOF1.3.3.1
2023-11-02 14:02:57,134 [WARN] PackLoader:240 - Cannot read IP mode file for STMicroelectronics.X-CUBE-TOUCHGFX.4.22.1
2023-11-02 14:02:57,140 [WARN] PackLoader:240 - Cannot read IP mode file for STMicroelectronics.X-CUBE-ALGOBUILD.1.3.0
2023-11-02 14:02:57,156 [WARN] ConditionMgr:438 - getConditionDescription Invalid condition id : UX DEVICE CLASS RTOS Condition cause : null
2023-11-02 14:02:57,156 [WARN] ConditionMgr:438 - getConditionDescription Invalid condition id : UX DEVICE CLASS RTOS Condition cause : null
2023-11-02 14:02:57,159 [WARN] PackLoader:240 - Cannot read IP mode file for STMicroelectronics.X-CUBE-AZRTOS-H7.3.1.0
2023-11-02 14:02:57,161 [WARN] ConditionMgr:1039 - genDependencies : Invalid condition id : UX DEVICE CLASS RTOS Condition cause : null
2023-11-02 14:02:57,161 [WARN] ConditionMgr:1039 - genDependencies : Invalid condition id : UX DEVICE CLASS RTOS Condition cause : null
2023-11-02 14:02:57,162 [WARN] ConditionMgr:1039 - genDependencies : Invalid condition id : UX DEVICE CLASS RTOS Condition cause : null
2023-11-02 14:02:57,163 [WARN] ConditionMgr:1039 - genDependencies : Invalid condition id : UX DEVICE CLASS RTOS Condition cause : null
2023-11-02 14:02:57,163 [WARN] ConditionMgr:1039 - genDependencies : Invalid condition id : UX DEVICE CLASS RTOS Condition cause : null
2023-11-02 14:02:57,181 [WARN] PackLoader:240 - Cannot read IP mode file for STMicroelectronics.X-CUBE-AZRTOS-F4.1.1.0
2023-11-02 14:02:57,201 [WARN] PackLoader:240 - Cannot read IP mode file for STMicroelectronics.X-CUBE-AZRTOS-F7.1.1.0
2023-11-02 14:02:57,223 [WARN] ConditionMgr:438 - getConditionDescription Invalid condition id : LAN8742 Phy interface Condition cause : null
2023-11-02 14:02:57,224 [WARN] PackLoader:240 - Cannot read IP mode file for STMicroelectronics.X-CUBE-AZRTOS-L4.2.0.0
2023-11-02 14:02:57,226 [WARN] ConditionMgr:1039 - genDependencies : Invalid condition id : LAN8742 Phy interface Condition cause : null
2023-11-02 14:02:57,226 [WARN] ConditionMgr:1039 - genDependencies : Invalid condition id : LAN8742 Phy interface Condition cause : null
2023-11-02 14:02:57,227 [WARN] ConditionMgr:1039 - genDependencies : Invalid condition id : LAN8742 Phy interface Condition cause : null
2023-11-02 14:02:57,245 [WARN] PackLoader:240 - Cannot read IP mode file for STMicroelectronics.X-CUBE-AZRTOS-L5.2.0.0
2023-11-02 14:02:57,263 [WARN] PackLoader:240 - Cannot read IP mode file for STMicroelectronics.X-CUBE-AZRTOS-G0.1.1.0
2023-11-02 14:02:57,280 [WARN] PackLoader:240 - Cannot read IP mode file for STMicroelectronics.X-CUBE-AZRTOS-G4.2.0.0
2023-11-02 14:02:57,294 [WARN] ConditionMgr:438 - getConditionDescription Invalid condition id : UX DEVICE CLASS RTOS Condition cause : null
2023-11-02 14:02:57,295 [WARN] ConditionMgr:438 - getConditionDescription Invalid condition id : UX DEVICE CLASS RTOS Condition cause : null
2023-11-02 14:02:57,297 [WARN] PackLoader:240 - Cannot read IP mode file for STMicroelectronics.X-CUBE-AZRTOS-WB.2.0.0
2023-11-02 14:02:57,298 [WARN] ConditionMgr:1039 - genDependencies : Invalid condition id : UX DEVICE CLASS RTOS Condition cause : null
2023-11-02 14:02:57,298 [WARN] ConditionMgr:1039 - genDependencies : Invalid condition id : UX DEVICE CLASS RTOS Condition cause : null
2023-11-02 14:02:57,298 [WARN] ConditionMgr:1039 - genDependencies : Invalid condition id : UX DEVICE CLASS RTOS Condition cause : null
2023-11-02 14:02:57,299 [WARN] ConditionMgr:1039 - genDependencies : Invalid condition id : UX DEVICE CLASS RTOS Condition cause : null
2023-11-02 14:02:57,299 [WARN] ConditionMgr:1039 - genDependencies : Invalid condition id : UX DEVICE CLASS RTOS Condition cause : null
2023-11-02 14:02:57,308 [INFO] LogOutputStream:77 - [STDOUT_REDIRECT] 1 : Invalid condition id : UX_CORESTACK_Condition cause : null
2023-11-02 14:02:57,309 [INFO] LogOutputStream:77 - [STDOUT_REDIRECT] 1 : Invalid condition id : UX_CORESTACK_Condition cause : null
2023-11-02 14:02:57,310 [INFO] LogOutputStream:77 - [STDOUT_REDIRECT] 1 : Invalid condition id : UX_CORESTACK_Condition cause : null
2023-11-02 14:02:57,312 [INFO] LogOutputStream:77 - [STDOUT_REDIRECT] 1 : Invalid condition id : UX_CORESTACK_Condition cause : null
2023-11-02 14:02:57,314 [INFO] LogOutputStream:77 - [STDOUT_REDIRECT] 1 : Invalid condition id : UX_CORESTACK_Condition cause : null
2023-11-02 14:02:57,317 [WARN] PackLoader:240 - Cannot read IP mode file for STMicroelectronics.X-CUBE-AZRTOS-WL.2.0.0
2023-11-02 14:02:57,323 [WARN] PackLoader:240 - Cannot read IP mode file for wolfSSL.I-CUBE-wolfSSL.5.6.3
2023-11-02 14:02:57,328 [WARN] PackLoader:240 - Cannot read IP mode file for portGmbH.I-Cube-SoM-uGOAL.1.1.0
2023-11-02 14:02:57,334 [WARN] PackLoader:240 - Cannot read IP mode file for emotas.I-CUBE-CANOPEN.1.3.0
2023-11-02 14:02:57,341 [WARN] PackLoader:240 - Cannot read IP mode file for WES.I-CUBE-Cesium.1.3.0
2023-11-02 14:02:57,346 [WARN] PackLoader:240 - Cannot read IP mode file for ITTIA_DB.I-CUBE-ITTIADB.8.8.0
2023-11-02 14:02:57,358 [WARN] PackLoader:240 - Cannot read IP mode file for Infineon.AIROC-Wi-Fi-Bluetooth-STM32.1.5.1
2023-11-02 14:02:57,362 [INFO] PopulateThirdPartyThread:66 - Ending populate Thread
2023-11-02 14:02:57,365 [INFO] ThirdParty:1030 - CMSIS Pack Vendor :STMicroelectronics X-CUBE-ISPU 1.1.0
2023-11-02 14:02:57,365 [INFO] ThirdParty:1030 - CMSIS Pack Vendor :STMicroelectronics X-CUBE-DISPLAY 3.0.0
2023-11-02 14:02:57,365 [INFO] ThirdParty:1030 - CMSIS Pack Vendor :STMicroelectronics X-CUBE-GNSS1 6.0.0
2023-11-02 14:02:57,365 [INFO] ThirdParty:1030 - CMSIS Pack Vendor :STMicroelectronics X-CUBE-AZRTOS-F4 1.1.0
2023-11-02 14:02:57,365 [INFO] ThirdParty:1030 - CMSIS Pack Vendor :STMicroelectronics FP-ATR-SIGFOX1 3.2.0
2023-11-02 14:02:57,365 [INFO] ThirdParty:1030 - CMSIS Pack Vendor :STMicroelectronics X-CUBE-BLE1 7.0.0
2023-11-02 14:02:57,365 [INFO] ThirdParty:1030 - CMSIS Pack Vendor :wolfSSL I-CUBE-wolfSSL 5.6.3
2023-11-02 14:02:57,365 [INFO] ThirdParty:1030 - CMSIS Pack Vendor :STMicroelectronics X-CUBE-SMBUS 2.1.0
2023-11-02 14:02:57,365 [INFO] ThirdParty:1030 - CMSIS Pack Vendor :STMicroelectronics X-CUBE-AZRTOS-WB 2.0.0
2023-11-02 14:02:57,365 [INFO] ThirdParty:1030 - CMSIS Pack Vendor :emotas I-CUBE-CANOPEN 1.3.0
2023-11-02 14:02:57,366 [INFO] ThirdParty:1030 - CMSIS Pack Vendor :STMicroelectronics X-CUBE-MEMS1 10.0.0
2023-11-02 14:02:57,366 [INFO] ThirdParty:1030 - CMSIS Pack Vendor :STMicroelectronics X-CUBE-FREERTOS 1.1.0
2023-11-02 14:02:57,366 [INFO] ThirdParty:1030 - CMSIS Pack Vendor :STMicroelectronics X-CUBE-NFC7 1.0.1
2023-11-02 14:02:57,366 [INFO] ThirdParty:1030 - CMSIS Pack Vendor :STMicroelectronics X-CUBE-TOUCHGFX 4.22.1
2023-11-02 14:02:57,366 [INFO] ThirdParty:1030 - CMSIS Pack Vendor :STMicroelectronics X-CUBE-AZRTOS-F7 1.1.0
2023-11-02 14:02:57,366 [INFO] ThirdParty:1030 - CMSIS Pack Vendor :STMicroelectronics X-CUBE-AZRTOS-L5 2.0.0
2023-11-02 14:02:57,366 [INFO] ThirdParty:1030 - CMSIS Pack Vendor :STMicroelectronics X-CUBE-NFC6 3.0.0
2023-11-02 14:02:57,366 [INFO] ThirdParty:1030 - CMSIS Pack Vendor :STMicroelectronics X-CUBE-ALS 1.0.1
2023-11-02 14:02:57,366 [INFO] ThirdParty:1030 - CMSIS Pack Vendor :portGmbH I-Cube-SoM-uGOAL 1.1.0
2023-11-02 14:02:57,366 [INFO] ThirdParty:1030 - CMSIS Pack Vendor :STMicroelectronics X-CUBE-EEPRMA1 4.2.0
2023-11-02 14:02:57,366 [INFO] ThirdParty:1030 - CMSIS Pack Vendor :ITTIA_DB I-CUBE-ITTIADB 8.8.0
2023-11-02 14:02:57,366 [INFO] ThirdParty:1030 - CMSIS Pack Vendor :STMicroelectronics FP-SNS-SMARTAG2 1.2.0
2023-11-02 14:02:57,366 [INFO] ThirdParty:1030 - CMSIS Pack Vendor :STMicroelectronics FP-SNS-MOTENV1 4.3.2
2023-11-02 14:02:57,366 [INFO] ThirdParty:1030 - CMSIS Pack Vendor :STMicroelectronics X-CUBE-ALGOBUILD 1.3.0
2023-11-02 14:02:57,366 [INFO] ThirdParty:1030 - CMSIS Pack Vendor :STMicroelectronics X-CUBE-AZRTOS-WL 2.0.0
2023-11-02 14:02:57,366 [INFO] ThirdParty:1030 - CMSIS Pack Vendor :STMicroelectronics X-CUBE-AZRTOS-G0 1.1.0
2023-11-02 14:02:57,367 [INFO] ThirdParty:1030 - CMSIS Pack Vendor :STMicroelectronics X-CUBE-AI 8.1.0
2023-11-02 14:02:57,367 [INFO] ThirdParty:1030 - CMSIS Pack Vendor :STMicroelectronics X-CUBE-NFC4 3.0.0
2023-11-02 14:02:57,367 [INFO] ThirdParty:1030 - CMSIS Pack Vendor :STMicroelectronics X-CUBE-SUBG2 5.0.0
2023-11-02 14:02:57,367 [INFO] ThirdParty:1030 - CMSIS Pack Vendor :STMicroelectronics X-CUBE-AZRTOS-L4 2.0.0
2023-11-02 14:02:57,367 [INFO] ThirdParty:1030 - CMSIS Pack Vendor :STMicroelectronics FP-ATR-ASTRA1 2.0.0
2023-11-02 14:02:57,367 [INFO] ThirdParty:1030 - CMSIS Pack Vendor :WES I-CUBE-Cesium 1.3.0
2023-11-02 14:02:57,367 [INFO] ThirdParty:1030 - CMSIS Pack Vendor :STMicroelectronics X-CUBE-SFXS2LP1 4.0.0
2023-11-02 14:02:57,367 [INFO] ThirdParty:1030 - CMSIS Pack Vendor :STMicroelectronics FP-SNS-FLIGHT1 5.0.2
2023-11-02 14:02:57,367 [INFO] ThirdParty:1030 - CMSIS Pack Vendor :STMicroelectronics X-CUBE-BLE2 3.3.0
2023-11-02 14:02:57,367 [INFO] ThirdParty:1030 - CMSIS Pack Vendor :STMicroelectronics X-CUBE-TOF1 3.3.1
2023-11-02 14:02:57,367 [INFO] ThirdParty:1030 - CMSIS Pack Vendor :STMicroelectronics X-CUBE-AZRTOS-G4 2.0.0
2023-11-02 14:02:57,367 [INFO] ThirdParty:1030 - CMSIS Pack Vendor :STMicroelectronics X-CUBE-AZRTOS-H7 3.1.0
2023-11-02 14:02:57,367 [INFO] ThirdParty:1030 - CMSIS Pack Vendor :Infineon AIROC-Wi-Fi-Bluetooth-STM32 1.5.1
2023-11-02 14:02:57,367 [INFO] ThirdParty:1030 - CMSIS Pack Vendor :STMicroelectronics X-CUBE-BLEMGR 3.0.0
2023-11-02 14:02:57,368 [INFO] LoadServerUpdatesThread:373 - End of LoadServerUpdate Thread
2023-11-02 14:02:58,518 [WARN] PackLoader:240 - Cannot read IP mode file for STMicroelectronics.X-CUBE-SMBUS.2.1.0
2023-11-02 14:02:58,533 [WARN] PackLoader:240 - Cannot read IP mode file for STMicroelectronics.X-CUBE-AZRTOS-F7.1.1.0
2023-11-02 14:02:58,542 [WARN] PackLoader:240 - Cannot read IP mode file for STMicroelectronics.FP-SNS-MOTENV1.4.3.2
2023-11-02 14:02:58,548 [WARN] PackLoader:240 - Cannot read IP mode file for STMicroelectronics.FP-SNS-FLIGHT1.5.0.2
2023-11-02 14:02:58,553 [WARN] PackLoader:240 - Cannot read IP mode file for STMicroelectronics.X-CUBE-DISPLAY.3.0.0
2023-11-02 14:02:58,561 [WARN] PackLoader:240 - Cannot read IP mode file for STMicroelectronics.X-CUBE-BLE1.7.0.0
2023-11-02 14:02:58,566 [WARN] PackLoader:240 - Cannot read IP mode file for emotas.I-CUBE-CANOPEN.1.3.0
2023-11-02 14:02:58,570 [WARN] PackLoader:240 - Cannot read IP mode file for STMicroelectronics.X-CUBE-TOUCHGFX.4.22.1
2023-11-02 14:02:58,574 [WARN] PackLoader:240 - Cannot read IP mode file for STMicroelectronics.FP-SNS-SMARTAG2.1.2.0
2023-11-02 14:02:58,583 [INFO] LogOutputStream:77 - [STDOUT_REDIRECT] 1 : Invalid condition id : UX_CORESTACK_Condition cause : null
2023-11-02 14:02:58,585 [INFO] LogOutputStream:77 - [STDOUT_REDIRECT] 1 : Invalid condition id : UX_CORESTACK_Condition cause : null
2023-11-02 14:02:58,587 [INFO] LogOutputStream:77 - [STDOUT_REDIRECT] 1 : Invalid condition id : UX_CORESTACK_Condition cause : null
2023-11-02 14:02:58,588 [INFO] LogOutputStream:77 - [STDOUT_REDIRECT] 1 : Invalid condition id : UX_CORESTACK_Condition cause : null
2023-11-02 14:02:58,590 [INFO] LogOutputStream:77 - [STDOUT_REDIRECT] 1 : Invalid condition id : UX_CORESTACK_Condition cause : null
2023-11-02 14:02:58,592 [WARN] PackLoader:240 - Cannot read IP mode file for STMicroelectronics.X-CUBE-AZRTOS-WL.2.0.0
2023-11-02 14:02:58,599 [WARN] PackLoader:240 - Cannot read IP mode file for WES.I-CUBE-Cesium.1.3.0
2023-11-02 14:02:58,604 [WARN] PackLoader:240 - Cannot read IP mode file for STMicroelectronics.X-CUBE-BLE2.3.3.0
2023-11-02 14:02:58,611 [WARN] PackLoader:240 - Cannot read IP mode file for STMicroelectronics.X-CUBE-ALGOBUILD.1.3.0
2023-11-02 14:02:58,625 [WARN] PackLoader:240 - Cannot read IP mode file for STMicroelectronics.X-CUBE-AZRTOS-G0.1.1.0
2023-11-02 14:02:58,632 [WARN] PackLoader:240 - Cannot read IP mode file for STMicroelectronics.X-CUBE-NFC4.3.0.0
2023-11-02 14:02:58,642 [WARN] PackLoader:240 - Cannot read IP mode file for STMicroelectronics.X-CUBE-BLEMGR.3.0.0
2023-11-02 14:02:58,648 [WARN] PackLoader:240 - Cannot read IP mode file for STMicroelectronics.FP-ATR-SIGFOX1.3.2.0
2023-11-02 14:02:58,654 [WARN] PackLoader:240 - Cannot read IP mode file for STMicroelectronics.X-CUBE-GNSS1.6.0.0
2023-11-02 14:02:58,672 [WARN] PackLoader:240 - Cannot read IP mode file for STMicroelectronics.X-CUBE-AZRTOS-F4.1.1.0
2023-11-02 14:02:58,679 [WARN] PackLoader:240 - Cannot read IP mode file for wolfSSL.I-CUBE-wolfSSL.5.6.3
2023-11-02 14:02:58,698 [WARN] PackLoader:240 - Cannot read IP mode file for STMicroelectronics.X-CUBE-AZRTOS-L5.2.0.0
2023-11-02 14:02:58,707 [WARN] PackLoader:240 - Cannot read IP mode file for STMicroelectronics.X-CUBE-EEPRMA1.4.2.0
2023-11-02 14:02:58,713 [WARN] PackLoader:240 - Cannot read IP mode file for ITTIA_DB.I-CUBE-ITTIADB.8.8.0
2023-11-02 14:02:58,729 [WARN] ConditionMgr:438 - getConditionDescription Invalid condition id : UX DEVICE CLASS RTOS Condition cause : null
2023-11-02 14:02:58,730 [WARN] ConditionMgr:438 - getConditionDescription Invalid condition id : UX DEVICE CLASS RTOS Condition cause : null
2023-11-02 14:02:58,733 [WARN] PackLoader:240 - Cannot read IP mode file for STMicroelectronics.X-CUBE-AZRTOS-H7.3.1.0
2023-11-02 14:02:58,733 [WARN] ConditionMgr:1039 - genDependencies : Invalid condition id : UX DEVICE CLASS RTOS Condition cause : null
2023-11-02 14:02:58,734 [WARN] ConditionMgr:1039 - genDependencies : Invalid condition id : UX DEVICE CLASS RTOS Condition cause : null
2023-11-02 14:02:58,734 [WARN] ConditionMgr:1039 - genDependencies : Invalid condition id : UX DEVICE CLASS RTOS Condition cause : null
2023-11-02 14:02:58,735 [WARN] ConditionMgr:1039 - genDependencies : Invalid condition id : UX DEVICE CLASS RTOS Condition cause : null
2023-11-02 14:02:58,735 [WARN] ConditionMgr:1039 - genDependencies : Invalid condition id : UX DEVICE CLASS RTOS Condition cause : null
2023-11-02 14:02:58,742 [WARN] PackLoader:240 - Cannot read IP mode file for STMicroelectronics.X-CUBE-NFC7.1.0.1
2023-11-02 14:02:58,750 [WARN] PackLoader:240 - Cannot read IP mode file for STMicroelectronics.X-CUBE-NFC6.3.0.0
2023-11-02 14:02:58,756 [WARN] PackLoader:240 - Cannot read IP mode file for STMicroelectronics.X-CUBE-AI.8.1.0
2023-11-02 14:02:58,771 [WARN] ConditionMgr:438 - getConditionDescription Invalid condition id : LAN8742 Phy interface Condition cause : null
2023-11-02 14:02:58,772 [WARN] PackLoader:240 - Cannot read IP mode file for STMicroelectronics.X-CUBE-AZRTOS-L4.2.0.0
2023-11-02 14:02:58,773 [WARN] ConditionMgr:1039 - genDependencies : Invalid condition id : LAN8742 Phy interface Condition cause : null
2023-11-02 14:02:58,773 [WARN] ConditionMgr:1039 - genDependencies : Invalid condition id : LAN8742 Phy interface Condition cause : null
2023-11-02 14:02:58,774 [WARN] ConditionMgr:1039 - genDependencies : Invalid condition id : LAN8742 Phy interface Condition cause : null
2023-11-02 14:02:58,781 [WARN] PackLoader:240 - Cannot read IP mode file for STMicroelectronics.X-CUBE-SFXS2LP1.4.0.0
2023-11-02 14:02:58,785 [WARN] PackLoader:240 - Cannot read IP mode file for STMicroelectronics.X-CUBE-ISPU.1.1.0
2023-11-02 14:02:58,797 [WARN] ConditionMgr:438 - getConditionDescription Invalid condition id : UX DEVICE CLASS RTOS Condition cause : null
2023-11-02 14:02:58,797 [WARN] ConditionMgr:438 - getConditionDescription Invalid condition id : UX DEVICE CLASS RTOS Condition cause : null
2023-11-02 14:02:58,799 [WARN] PackLoader:240 - Cannot read IP mode file for STMicroelectronics.X-CUBE-AZRTOS-WB.2.0.0
2023-11-02 14:02:58,799 [WARN] ConditionMgr:1039 - genDependencies : Invalid condition id : UX DEVICE CLASS RTOS Condition cause : null
2023-11-02 14:02:58,800 [WARN] ConditionMgr:1039 - genDependencies : Invalid condition id : UX DEVICE CLASS RTOS Condition cause : null
2023-11-02 14:02:58,800 [WARN] ConditionMgr:1039 - genDependencies : Invalid condition id : UX DEVICE CLASS RTOS Condition cause : null
2023-11-02 14:02:58,800 [WARN] ConditionMgr:1039 - genDependencies : Invalid condition id : UX DEVICE CLASS RTOS Condition cause : null
2023-11-02 14:02:58,800 [WARN] ConditionMgr:1039 - genDependencies : Invalid condition id : UX DEVICE CLASS RTOS Condition cause : null
2023-11-02 14:02:58,810 [WARN] PackLoader:240 - Cannot read IP mode file for STMicroelectronics.X-CUBE-SUBG2.5.0.0
2023-11-02 14:02:58,823 [WARN] PackLoader:240 - Cannot read IP mode file for STMicroelectronics.X-CUBE-TOF1.3.3.1
2023-11-02 14:02:58,843 [WARN] PackLoader:240 - Cannot read IP mode file for STMicroelectronics.X-CUBE-AZRTOS-G4.2.0.0
2023-11-02 14:02:58,857 [WARN] PackLoader:240 - Cannot read IP mode file for Infineon.AIROC-Wi-Fi-Bluetooth-STM32.1.5.1
2023-11-02 14:02:58,906 [WARN] PackLoader:240 - Cannot read IP mode file for STMicroelectronics.X-CUBE-MEMS1.10.0.0
2023-11-02 14:02:59,024 [WARN] PackLoader:240 - Cannot read IP mode file for STMicroelectronics.X-CUBE-FREERTOS.1.1.0
2023-11-02 14:02:59,029 [WARN] PackLoader:240 - Cannot read IP mode file for portGmbH.I-Cube-SoM-uGOAL.1.1.0
2023-11-02 14:02:59,033 [WARN] PackLoader:240 - Cannot read IP mode file for STMicroelectronics.X-CUBE-ALS.1.0.1
2023-11-02 14:02:59,037 [WARN] PackLoader:240 - Cannot read IP mode file for STMicroelectronics.FP-ATR-ASTRA1.2.0.0
2023-11-02 14:02:59,038 [INFO] ThirdParty:978 - Integrity check success = true
2023-11-02 14:02:59,038 [INFO] IntegrityCheckThread:100 - exiting critical section [integrity check]
2023-11-02 14:02:59,038 [INFO] IntegrityCheckThread:103 - End integrity checks thread
2023-11-02 14:03:04,964 [ERROR] LogOutputStream:75 - [STDERR_REDIRECT] SLF4J: Failed to load class "org.slf4j.impl.StaticLoggerBinder".
2023-11-02 14:03:04,964 [ERROR] LogOutputStream:75 - [STDERR_REDIRECT] SLF4J: Defaulting to no-operation (NOP) logger implementation
2023-11-02 14:03:04,966 [ERROR] LogOutputStream:75 - [STDERR_REDIRECT] SLF4J: See http://www.slf4j.org/codes.html#StaticLoggerBinder for further details.
2023-11-02 14:04:36,357 [INFO] Activator:176 - 


2023-11-02 14:04:36,359 [INFO] Activator:177 - !SESSION log4j initialized
2023-11-02 14:04:38,710 [INFO] LogOutputStream:77 - [STDOUT_REDIRECT] 
2023-11-02 14:04:45,992 [INFO] ApplicationProperties:184 - Using Application install path: C:\appz\ST\STM32CubeIDE_1.10.1\STM32CubeIDE\plugins\com.st.stm32cube.common.mx_6.9.1.202307191849
2023-11-02 14:04:46,013 [INFO] DbMcusXml:78 - Set database path to: C:\appz\ST\STM32CubeIDE_1.10.1\STM32CubeIDE\plugins\com.st.stm32cube.common.mx_6.9.1.202307191849\\db\/mcu/
2023-11-02 14:04:46,014 [INFO] ApiDb:274 - Set plugin database path to: C:\appz\ST\STM32CubeIDE_1.10.1\STM32CubeIDE\plugins\com.st.stm32cube.common.mx_6.9.1.202307191849\\db\/plugins/boardmanager/
2023-11-02 14:04:46,014 [WARN] ApiDb:259 - Overriding images path with different value:  => C:\appz\ST\STM32CubeIDE_1.10.1\STM32CubeIDE\plugins\com.st.stm32cube.common.mx_6.9.1.202307191849\\db\/plugins/mcufinder/images/
2023-11-02 14:04:46,024 [INFO] ApiDb:250 - Set database path to: C:\Users\xsedla1n\.stmcufinder\plugins\mcufinder//mcu/
2023-11-02 14:04:46,026 [INFO] DbMcusAds:125 - Set database path to: C:\Users\xsedla1n\.stmcufinder\plugins\mcufinder//mcu/
2023-11-02 14:04:46,028 [INFO] CrossReferenceDbSqlite:203 - Set database path to: C:\Users\xsedla1n\.stmcufinder\plugins\mcufinder//mcu/cs/
2023-11-02 14:04:46,156 [INFO] RulesReader:64 - Compatibility file has been processed (293 Rules)
2023-11-02 14:04:46,244 [INFO] DbMcusXml:78 - Set database path to: C:\appz\ST\STM32CubeIDE_1.10.1\STM32CubeIDE\plugins\com.st.stm32cube.common.mx_6.9.1.202307191849\\db\/mcu/
2023-11-02 14:04:46,244 [INFO] ApiDb:274 - Set plugin database path to: C:\appz\ST\STM32CubeIDE_1.10.1\STM32CubeIDE\plugins\com.st.stm32cube.common.mx_6.9.1.202307191849\\db\/plugins/boardmanager/
2023-11-02 14:04:46,244 [INFO] ApiDb:261 - Set plugin images path to: C:\appz\ST\STM32CubeIDE_1.10.1\STM32CubeIDE\plugins\com.st.stm32cube.common.mx_6.9.1.202307191849\\db\/plugins/mcufinder/images/
2023-11-02 14:04:46,245 [WARN] DbFile:41 - Overriding database path with different value: C:\Users\xsedla1n\.stmcufinder\plugins\mcufinder/ => C:\Users\xsedla1n\.stmcufinder\plugins\mcufinder
2023-11-02 14:04:46,245 [INFO] ApiDb:250 - Set database path to: C:\Users\xsedla1n\.stmcufinder\plugins\mcufinder//mcu/
2023-11-02 14:04:46,245 [WARN] DbFile:41 - Overriding database path with different value: C:\Users\xsedla1n\.stmcufinder\plugins\mcufinder/ => C:\Users\xsedla1n\.stmcufinder\plugins\mcufinder
2023-11-02 14:04:46,245 [INFO] DbMcusAds:125 - Set database path to: C:\Users\xsedla1n\.stmcufinder\plugins\mcufinder//mcu/
2023-11-02 14:04:46,245 [WARN] DbFile:41 - Overriding database path with different value: C:\Users\xsedla1n\.stmcufinder\plugins\mcufinder/ => C:\Users\xsedla1n\.stmcufinder\plugins\mcufinder
2023-11-02 14:04:46,245 [WARN] DbFile:41 - Overriding database path with different value: C:\Users\xsedla1n\.stmcufinder\plugins\mcufinder/ => C:\Users\xsedla1n\.stmcufinder\plugins\mcufinder
2023-11-02 14:04:46,245 [INFO] CrossReferenceDbSqlite:203 - Set database path to: C:\Users\xsedla1n\.stmcufinder\plugins\mcufinder//mcu/cs/
2023-11-02 14:04:46,321 [INFO] MainPanel:262 - HeapMemory: 268435456
2023-11-02 14:04:46,402 [INFO] DbMcusXml:78 - Set database path to: C:\appz\ST\STM32CubeIDE_1.10.1\STM32CubeIDE\plugins\com.st.stm32cube.common.mx_6.9.1.202307191849\\db\/mcu/
2023-11-02 14:04:46,403 [INFO] ApiDb:274 - Set plugin database path to: C:\appz\ST\STM32CubeIDE_1.10.1\STM32CubeIDE\plugins\com.st.stm32cube.common.mx_6.9.1.202307191849\\db\/plugins/boardmanager/
2023-11-02 14:04:46,403 [INFO] ApiDb:261 - Set plugin images path to: C:\appz\ST\STM32CubeIDE_1.10.1\STM32CubeIDE\plugins\com.st.stm32cube.common.mx_6.9.1.202307191849\\db\/plugins/mcufinder/images/
2023-11-02 14:04:46,403 [WARN] DbFile:41 - Overriding database path with different value: C:\Users\xsedla1n\.stmcufinder\plugins\mcufinder/ => C:\Users\xsedla1n\.stmcufinder\plugins\mcufinder
2023-11-02 14:04:46,403 [INFO] ApiDb:250 - Set database path to: C:\Users\xsedla1n\.stmcufinder\plugins\mcufinder//mcu/
2023-11-02 14:04:46,404 [WARN] DbFile:41 - Overriding database path with different value: C:\Users\xsedla1n\.stmcufinder\plugins\mcufinder/ => C:\Users\xsedla1n\.stmcufinder\plugins\mcufinder
2023-11-02 14:04:46,404 [INFO] DbMcusAds:125 - Set database path to: C:\Users\xsedla1n\.stmcufinder\plugins\mcufinder//mcu/
2023-11-02 14:04:46,404 [WARN] DbFile:41 - Overriding database path with different value: C:\Users\xsedla1n\.stmcufinder\plugins\mcufinder/ => C:\Users\xsedla1n\.stmcufinder\plugins\mcufinder
2023-11-02 14:04:46,404 [WARN] DbFile:41 - Overriding database path with different value: C:\Users\xsedla1n\.stmcufinder\plugins\mcufinder/ => C:\Users\xsedla1n\.stmcufinder\plugins\mcufinder
2023-11-02 14:04:46,404 [INFO] CrossReferenceDbSqlite:203 - Set database path to: C:\Users\xsedla1n\.stmcufinder\plugins\mcufinder//mcu/cs/
2023-11-02 14:04:46,425 [INFO] ApplicationProperties:184 - Using Application install path: C:\appz\ST\STM32CubeIDE_1.10.1\STM32CubeIDE\plugins\com.st.stm32cube.common.mx_6.9.1.202307191849
2023-11-02 14:04:46,427 [INFO] PluginManage:196 - Search for loadable plugins [exclusion list=, ]
2023-11-02 14:04:46,428 [INFO] PluginManage:310 - Check plugin analytics
2023-11-02 14:04:46,615 [INFO] AnalyticsPlugin:253 - Accepted Software Licenses: 
2023-11-02 14:04:46,615 [INFO] AnalyticsPlugin:255 - Accepted CMSIS Pack Licenses: 
2023-11-02 14:04:46,616 [INFO] AnalyticsPlugin:257 - Accepted Firmware Licenses: 
2023-11-02 14:04:46,620 [INFO] PluginManage:359 - Loaded plugin analytics (category:tool,tabindex:-1)
2023-11-02 14:04:46,622 [INFO] PluginManage:310 - Check plugin cadmodel
2023-11-02 14:04:46,628 [INFO] CADModel:105 - Init CAD model plugin
2023-11-02 14:04:46,628 [INFO] PluginManage:359 - Loaded plugin cadmodel (category:power,tabindex:5)
2023-11-02 14:04:46,629 [INFO] PluginManage:310 - Check plugin clock
2023-11-02 14:04:46,640 [INFO] PluginManage:359 - Loaded plugin clock (category:base,tabindex:2)
2023-11-02 14:04:46,641 [INFO] PluginManage:310 - Check plugin ddr
2023-11-02 14:04:46,643 [INFO] PluginManage:359 - Loaded plugin ddr (category:tool,tabindex:6)
2023-11-02 14:04:46,643 [INFO] PluginManage:310 - Check plugin filemanager
2023-11-02 14:04:46,782 [INFO] PluginManage:359 - Loaded plugin filemanager (category:base,tabindex:10)
2023-11-02 14:04:46,782 [INFO] PluginManage:310 - Check plugin ipmanager
2023-11-02 14:04:46,790 [INFO] PluginManage:359 - Loaded plugin ipmanager (category:base,tabindex:5)
2023-11-02 14:04:46,790 [INFO] PluginManage:310 - Check plugin lpbam
2023-11-02 14:04:46,798 [INFO] PluginManage:359 - Loaded plugin lpbam (category:base,tabindex:0)
2023-11-02 14:04:46,798 [INFO] PluginManage:310 - Check plugin memorymap
2023-11-02 14:04:46,809 [INFO] PluginManage:359 - Loaded plugin memorymap (category:base,tabindex:4)
2023-11-02 14:04:46,809 [INFO] PluginManage:310 - Check plugin pinoutandconfiguration
2023-11-02 14:04:46,816 [INFO] PluginManage:359 - Loaded plugin pinoutandconfiguration (category:base,tabindex:1)
2023-11-02 14:04:46,816 [INFO] PluginManage:310 - Check plugin pinoutconfig
2023-11-02 14:04:46,902 [WARN] SupportedApi:132 - Cannot load RTOS API schema: s4s-elt-must-match.1: The content of 'definitions' must match (annotation?, (simpleType | complexType)?, (unique | key | keyref)*)). A problem was found starting at: attribute.
2023-11-02 14:04:47,039 [INFO] PluginManage:359 - Loaded plugin pinoutconfig (category:base,tabindex:0)
2023-11-02 14:04:47,039 [INFO] PluginManage:310 - Check plugin power
2023-11-02 14:04:47,049 [INFO] PluginManage:359 - Loaded plugin power (category:power,tabindex:4)
2023-11-02 14:04:47,049 [INFO] PluginManage:310 - Check plugin projectmanager
2023-11-02 14:04:47,067 [INFO] PluginManage:359 - Loaded plugin projectmanager (category:projectmanager,tabindex:3)
2023-11-02 14:04:47,067 [INFO] PluginManage:310 - Check plugin thirdparty
2023-11-02 14:04:47,271 [INFO] PluginManage:359 - Loaded plugin thirdparty (category:base,tabindex:-1)
2023-11-02 14:04:47,271 [INFO] PluginManage:310 - Check plugin tools
2023-11-02 14:04:47,272 [WARN] IntegrityCheckThread:84 - waiting for thirdparty lock release [integrity check]
2023-11-02 14:04:47,273 [INFO] IntegrityCheckThread:86 - entering critical section [integrity check]
2023-11-02 14:04:47,273 [INFO] ThirdPartyUpdaterWithRetryManager:70 - Updater plugin not ready yet. [1/15]
2023-11-02 14:04:47,274 [INFO] PluginManage:359 - Loaded plugin tools (category:base,tabindex:7)
2023-11-02 14:04:47,274 [INFO] PluginManage:310 - Check plugin tutovideos
2023-11-02 14:04:47,438 [INFO] PluginManage:359 - Loaded plugin tutovideos (category:base,tabindex:-1)
2023-11-02 14:04:47,438 [INFO] PluginManage:310 - Check plugin updater
2023-11-02 14:04:47,448 [INFO] PluginManage:359 - Loaded plugin updater (category:base,tabindex:12)
2023-11-02 14:04:47,448 [INFO] PluginManage:310 - Check plugin userauth
2023-11-02 14:04:47,453 [INFO] UserAuth:113 - Init User Auth plugin
2023-11-02 14:04:47,453 [INFO] PluginManage:359 - Loaded plugin userauth (category:base,tabindex:14)
2023-11-02 14:04:47,453 [INFO] PluginManage:283 - PluginManage : Loaded plugins [17]
2023-11-02 14:04:47,690 [INFO] PinOutPanel:1499 - setPackage(No Configuration,No Configuration)
2023-11-02 14:04:47,798 [INFO] CADModel:165 - CPN selected for project level
2023-11-02 14:04:47,798 [INFO] CADModel:114 - Register for checkConnection events
2023-11-02 14:04:47,812 [INFO] IPUIPlugin:80 - create IPUIPlugin
2023-11-02 14:04:47,812 [INFO] PluginManager:220 - loadIPPluginJar : add adc
2023-11-02 14:04:47,815 [INFO] IPUIPlugin:80 - create IPUIPlugin
2023-11-02 14:04:47,815 [INFO] PluginManager:220 - loadIPPluginJar : add aes
2023-11-02 14:04:47,817 [INFO] IPUIPlugin:80 - create IPUIPlugin
2023-11-02 14:04:47,818 [INFO] PluginManager:220 - loadIPPluginJar : add can
2023-11-02 14:04:47,819 [INFO] IPUIPlugin:80 - create IPUIPlugin
2023-11-02 14:04:47,819 [INFO] PluginManager:220 - loadIPPluginJar : add comp
2023-11-02 14:04:47,822 [INFO] IPUIPlugin:80 - create IPUIPlugin
2023-11-02 14:04:47,822 [INFO] PluginManager:220 - loadIPPluginJar : add cryp
2023-11-02 14:04:47,824 [INFO] IPUIPlugin:80 - create IPUIPlugin
2023-11-02 14:04:47,824 [INFO] PluginManager:220 - loadIPPluginJar : add dfsdm
2023-11-02 14:04:47,829 [INFO] IPUIPlugin:80 - create IPUIPlugin
2023-11-02 14:04:47,830 [INFO] PluginManager:220 - loadIPPluginJar : add dma
2023-11-02 14:04:47,832 [INFO] IPUIPlugin:80 - create IPUIPlugin
2023-11-02 14:04:47,833 [INFO] PluginManager:220 - loadIPPluginJar : add dma3
2023-11-02 14:04:47,835 [INFO] IPUIPlugin:80 - create IPUIPlugin
2023-11-02 14:04:47,835 [INFO] PluginManager:220 - loadIPPluginJar : add fatfs
2023-11-02 14:04:47,840 [INFO] IPUIPlugin:80 - create IPUIPlugin
2023-11-02 14:04:47,840 [INFO] PluginManager:220 - loadIPPluginJar : add fmc
2023-11-02 14:04:47,846 [INFO] IPUIPlugin:80 - create IPUIPlugin
2023-11-02 14:04:47,846 [INFO] PluginManager:220 - loadIPPluginJar : add freertos
2023-11-02 14:04:47,847 [INFO] IPUIPlugin:80 - create IPUIPlugin
2023-11-02 14:04:47,848 [INFO] PluginManager:220 - loadIPPluginJar : add genericplugin
2023-11-02 14:04:47,849 [INFO] IPUIPlugin:80 - create IPUIPlugin
2023-11-02 14:04:47,850 [INFO] PluginManager:220 - loadIPPluginJar : add gfxmmu
2023-11-02 14:04:47,854 [INFO] IPUIPlugin:80 - create IPUIPlugin
2023-11-02 14:04:47,854 [INFO] PluginManager:220 - loadIPPluginJar : add gic
2023-11-02 14:04:47,859 [INFO] IPUIPlugin:80 - create IPUIPlugin
2023-11-02 14:04:47,859 [INFO] PluginManager:220 - loadIPPluginJar : add gpio
2023-11-02 14:04:47,862 [INFO] IPUIPlugin:80 - create IPUIPlugin
2023-11-02 14:04:47,862 [INFO] PluginManager:220 - loadIPPluginJar : add gtzc
2023-11-02 14:04:47,864 [INFO] IPUIPlugin:80 - create IPUIPlugin
2023-11-02 14:04:47,865 [INFO] PluginManager:220 - loadIPPluginJar : add hash
2023-11-02 14:04:47,867 [INFO] IPUIPlugin:80 - create IPUIPlugin
2023-11-02 14:04:47,868 [INFO] PluginManager:220 - loadIPPluginJar : add i2c
2023-11-02 14:04:47,870 [INFO] IPUIPlugin:80 - create IPUIPlugin
2023-11-02 14:04:47,871 [INFO] PluginManager:220 - loadIPPluginJar : add i2s
2023-11-02 14:04:47,874 [INFO] IPUIPlugin:80 - create IPUIPlugin
2023-11-02 14:04:47,874 [INFO] PluginManager:220 - loadIPPluginJar : add i3c
2023-11-02 14:04:47,878 [INFO] IPUIPlugin:80 - create IPUIPlugin
2023-11-02 14:04:47,878 [INFO] PluginManager:220 - loadIPPluginJar : add ipddr
2023-11-02 14:04:47,885 [INFO] IPUIPlugin:80 - create IPUIPlugin
2023-11-02 14:04:47,885 [INFO] PluginManager:220 - loadIPPluginJar : add linkedlist
2023-11-02 14:04:47,889 [INFO] IPUIPlugin:80 - create IPUIPlugin
2023-11-02 14:04:47,889 [INFO] PluginManager:220 - loadIPPluginJar : add lorawan
2023-11-02 14:04:47,891 [INFO] IPUIPlugin:80 - create IPUIPlugin
2023-11-02 14:04:47,891 [INFO] PluginManager:220 - loadIPPluginJar : add ltdc
2023-11-02 14:04:47,897 [INFO] IPUIPlugin:80 - create IPUIPlugin
2023-11-02 14:04:47,897 [INFO] PluginManager:220 - loadIPPluginJar : add mdma
2023-11-02 14:04:47,901 [INFO] IPUIPlugin:80 - create IPUIPlugin
2023-11-02 14:04:47,901 [INFO] PluginManager:220 - loadIPPluginJar : add nvic
2023-11-02 14:04:47,904 [INFO] IPUIPlugin:80 - create IPUIPlugin
2023-11-02 14:04:47,904 [INFO] PluginManager:220 - loadIPPluginJar : add opamp
2023-11-02 14:04:47,907 [INFO] IPUIPlugin:80 - create IPUIPlugin
2023-11-02 14:04:47,907 [INFO] PluginManager:220 - loadIPPluginJar : add openamp
2023-11-02 14:04:47,910 [INFO] IPUIPlugin:80 - create IPUIPlugin
2023-11-02 14:04:47,910 [INFO] PluginManager:220 - loadIPPluginJar : add pdm2pcm
2023-11-02 14:04:47,917 [INFO] IPUIPlugin:80 - create IPUIPlugin
2023-11-02 14:04:47,920 [INFO] PluginManager:220 - loadIPPluginJar : add plateformsettings
2023-11-02 14:04:47,922 [INFO] IPUIPlugin:80 - create IPUIPlugin
2023-11-02 14:04:47,922 [INFO] PluginManager:220 - loadIPPluginJar : add quadspi
2023-11-02 14:04:47,925 [INFO] IPUIPlugin:80 - create IPUIPlugin
2023-11-02 14:04:47,925 [INFO] PluginManager:220 - loadIPPluginJar : add resmgrutility
2023-11-02 14:04:47,928 [INFO] IPUIPlugin:80 - create IPUIPlugin
2023-11-02 14:04:47,928 [INFO] PluginManager:220 - loadIPPluginJar : add sai
2023-11-02 14:04:47,932 [INFO] IPUIPlugin:80 - create IPUIPlugin
2023-11-02 14:04:47,932 [INFO] PluginManager:220 - loadIPPluginJar : add spi
2023-11-02 14:04:47,937 [INFO] IPUIPlugin:80 - create IPUIPlugin
2023-11-02 14:04:47,937 [INFO] PluginManager:220 - loadIPPluginJar : add stm32_wpan
2023-11-02 14:04:47,940 [INFO] IPUIPlugin:80 - create IPUIPlugin
2023-11-02 14:04:47,940 [INFO] PluginManager:220 - loadIPPluginJar : add tim
2023-11-02 14:04:47,943 [INFO] IPUIPlugin:80 - create IPUIPlugin
2023-11-02 14:04:47,944 [INFO] PluginManager:220 - loadIPPluginJar : add touchsensing
2023-11-02 14:04:47,946 [INFO] IPUIPlugin:80 - create IPUIPlugin
2023-11-02 14:04:47,946 [INFO] PluginManager:220 - loadIPPluginJar : add tracer_emb
2023-11-02 14:04:47,948 [INFO] IPUIPlugin:80 - create IPUIPlugin
2023-11-02 14:04:47,948 [INFO] PluginManager:220 - loadIPPluginJar : add ts
2023-11-02 14:04:47,949 [INFO] IPUIPlugin:80 - create IPUIPlugin
2023-11-02 14:04:47,950 [INFO] PluginManager:220 - loadIPPluginJar : add tsc
2023-11-02 14:04:47,952 [INFO] IPUIPlugin:80 - create IPUIPlugin
2023-11-02 14:04:47,952 [INFO] PluginManager:220 - loadIPPluginJar : add ucpd
2023-11-02 14:04:47,956 [INFO] IPUIPlugin:80 - create IPUIPlugin
2023-11-02 14:04:47,956 [INFO] PluginManager:220 - loadIPPluginJar : add usart
2023-11-02 14:04:47,960 [INFO] IPUIPlugin:80 - create IPUIPlugin
2023-11-02 14:04:47,960 [INFO] PluginManager:220 - loadIPPluginJar : add usbx
2023-11-02 14:04:48,091 [INFO] CADModel:165 - CPN selected for project level
2023-11-02 14:04:48,091 [INFO] CADModel:114 - Register for checkConnection events
2023-11-02 14:04:48,091 [FATAL] Updater:308 - Updater called before beeing initialized
2023-11-02 14:04:48,091 [ERROR] CADModel:125 - Updater not yet initialized, retry later 
2023-11-02 14:04:48,219 [INFO] CADModel:165 - CPN selected for project level
2023-11-02 14:04:48,219 [INFO] CADModel:114 - Register for checkConnection events
2023-11-02 14:04:48,219 [FATAL] Updater:308 - Updater called before beeing initialized
2023-11-02 14:04:48,219 [ERROR] CADModel:125 - Updater not yet initialized, retry later 
2023-11-02 14:04:48,222 [FATAL] Updater:308 - Updater called before beeing initialized
2023-11-02 14:04:48,345 [FATAL] Updater:308 - Updater called before beeing initialized
2023-11-02 14:04:48,351 [INFO] DbMcusAds:53 - JSON generation date=Thu Sep 30 08:55:09 CEST 2021 (1632984909247)
2023-11-02 14:04:48,351 [FATAL] Updater:308 - Updater called before beeing initialized
2023-11-02 14:04:48,390 [WARN] DetailPanel:346 - Failed to get advertising image, set to default
2023-11-02 14:04:48,500 [FATAL] Updater:308 - Updater called before beeing initialized
2023-11-02 14:04:48,502 [FATAL] Updater:308 - Updater called before beeing initialized
2023-11-02 14:04:48,502 [FATAL] Updater:308 - Updater called before beeing initialized
2023-11-02 14:04:48,502 [WARN] DetailPanel:346 - Failed to get advertising image, set to default
2023-11-02 14:04:48,503 [FATAL] Updater:308 - Updater called before beeing initialized
2023-11-02 14:04:48,548 [ERROR] Updater:1120 - MainUpdater not yet initialized. External WinMGr cannot be set.
2023-11-02 14:04:48,550 [INFO] Updater:1056 - Updater Version found : 6.9.1
2023-11-02 14:04:48,566 [INFO] ApplicationProperties:184 - Using Application install path: C:\appz\ST\STM32CubeIDE_1.10.1\STM32CubeIDE\plugins\com.st.stm32cube.common.mx_6.9.1.202307191849
2023-11-02 14:04:48,949 [INFO] MainUpdater:2868 - connection check result : 10
2023-11-02 14:04:48,951 [INFO] MainUpdater:285 - Updater Check For Update Now.
2023-11-02 14:04:48,951 [INFO] MicroXplorer:498 - Change Database Version : DB.6.0.91
2023-11-02 14:04:48,962 [INFO] McuFinderGlobals:63 - Set McuFinder mode to 2 (CubeIDE integrated)
2023-11-02 14:04:48,962 [INFO] UserAuth:179 - activating auth plugin
2023-11-02 14:04:48,966 [INFO] UserAuth:393 - Internet connection configuration mode: 1
2023-11-02 14:04:48,986 [INFO] JxBrowserEngine:151 - Initiate JxBrowser Engine with user profile folder
2023-11-02 14:04:49,229 [INFO] CheckServerUpdateThread:120 - End of CheckServer Thread
2023-11-02 14:04:49,680 [INFO] WebApp:157 - Instantiating new browser for Auth
2023-11-02 14:04:50,271 [INFO] WebApp:753 - Register for checkConnection events
2023-11-02 14:04:50,271 [INFO] WebApp:390 - Apply proxy settings
2023-11-02 14:04:50,271 [INFO] WebApp:475 - Chromium requires no authentication
2023-11-02 14:04:50,278 [INFO] WebApp:418 - Direct internet connection detected
2023-11-02 14:04:50,458 [WARN] PackLoader:240 - Cannot read IP mode file for STMicroelectronics.X-CUBE-SMBUS.2.1.0
2023-11-02 14:04:50,498 [INFO] WebApp:188 - Starting web application
2023-11-02 14:04:50,498 [INFO] WebApp:520 - Web application path used C:\appz\ST\STM32CubeIDE_1.10.1\STM32CubeIDE\plugins\com.st.stm32cube.common.mx_6.9.1.202307191849\db\plugins\mcufinder\reactClient1\index.html
2023-11-02 14:04:50,515 [WARN] PackLoader:240 - Cannot read IP mode file for STMicroelectronics.X-CUBE-AZRTOS-F7.1.1.0
2023-11-02 14:04:50,534 [WARN] PackLoader:240 - Cannot read IP mode file for STMicroelectronics.FP-SNS-MOTENV1.4.3.2
2023-11-02 14:04:50,543 [WARN] PackLoader:240 - Cannot read IP mode file for STMicroelectronics.FP-SNS-FLIGHT1.5.0.2
2023-11-02 14:04:50,556 [WARN] PackLoader:240 - Cannot read IP mode file for STMicroelectronics.X-CUBE-DISPLAY.3.0.0
2023-11-02 14:04:50,578 [WARN] PackLoader:240 - Cannot read IP mode file for STMicroelectronics.X-CUBE-BLE1.7.0.0
2023-11-02 14:04:50,587 [WARN] PackLoader:240 - Cannot read IP mode file for emotas.I-CUBE-CANOPEN.1.3.0
2023-11-02 14:04:50,594 [WARN] PackLoader:240 - Cannot read IP mode file for STMicroelectronics.X-CUBE-TOUCHGFX.4.22.1
2023-11-02 14:04:50,610 [WARN] PackLoader:240 - Cannot read IP mode file for STMicroelectronics.FP-SNS-SMARTAG2.1.2.0
2023-11-02 14:04:50,625 [INFO] LogOutputStream:77 - [STDOUT_REDIRECT] 1 : Invalid condition id : UX_CORESTACK_Condition cause : null
2023-11-02 14:04:50,626 [INFO] LogOutputStream:77 - [STDOUT_REDIRECT] 1 : Invalid condition id : UX_CORESTACK_Condition cause : null
2023-11-02 14:04:50,628 [INFO] LogOutputStream:77 - [STDOUT_REDIRECT] 1 : Invalid condition id : UX_CORESTACK_Condition cause : null
2023-11-02 14:04:50,633 [INFO] LogOutputStream:77 - [STDOUT_REDIRECT] 1 : Invalid condition id : UX_CORESTACK_Condition cause : null
2023-11-02 14:04:50,637 [INFO] LogOutputStream:77 - [STDOUT_REDIRECT] 1 : Invalid condition id : UX_CORESTACK_Condition cause : null
2023-11-02 14:04:50,645 [WARN] PackLoader:240 - Cannot read IP mode file for STMicroelectronics.X-CUBE-AZRTOS-WL.2.0.0
2023-11-02 14:04:50,658 [WARN] PackLoader:240 - Cannot read IP mode file for WES.I-CUBE-Cesium.1.3.0
2023-11-02 14:04:50,665 [WARN] PackLoader:240 - Cannot read IP mode file for STMicroelectronics.X-CUBE-BLE2.3.3.0
2023-11-02 14:04:50,676 [WARN] PackLoader:240 - Cannot read IP mode file for STMicroelectronics.X-CUBE-ALGOBUILD.1.3.0
2023-11-02 14:04:50,706 [WARN] PackLoader:240 - Cannot read IP mode file for STMicroelectronics.X-CUBE-AZRTOS-G0.1.1.0
2023-11-02 14:04:50,724 [WARN] PackLoader:240 - Cannot read IP mode file for STMicroelectronics.X-CUBE-NFC4.3.0.0
2023-11-02 14:04:50,738 [WARN] PackLoader:240 - Cannot read IP mode file for STMicroelectronics.X-CUBE-BLEMGR.3.0.0
2023-11-02 14:04:50,746 [WARN] PackLoader:240 - Cannot read IP mode file for STMicroelectronics.FP-ATR-SIGFOX1.3.2.0
2023-11-02 14:04:50,754 [WARN] PackLoader:240 - Cannot read IP mode file for STMicroelectronics.X-CUBE-GNSS1.6.0.0
2023-11-02 14:04:50,776 [WARN] PackLoader:240 - Cannot read IP mode file for STMicroelectronics.X-CUBE-AZRTOS-F4.1.1.0
2023-11-02 14:04:50,799 [WARN] PackLoader:240 - Cannot read IP mode file for wolfSSL.I-CUBE-wolfSSL.5.6.3
2023-11-02 14:04:50,874 [WARN] PackLoader:240 - Cannot read IP mode file for STMicroelectronics.X-CUBE-AZRTOS-L5.2.0.0
2023-11-02 14:04:50,885 [WARN] PackLoader:240 - Cannot read IP mode file for STMicroelectronics.X-CUBE-EEPRMA1.4.2.0
2023-11-02 14:04:50,923 [WARN] PackLoader:240 - Cannot read IP mode file for ITTIA_DB.I-CUBE-ITTIADB.8.8.0
2023-11-02 14:04:50,966 [WARN] ConditionMgr:438 - getConditionDescription Invalid condition id : UX DEVICE CLASS RTOS Condition cause : null
2023-11-02 14:04:50,966 [WARN] ConditionMgr:438 - getConditionDescription Invalid condition id : UX DEVICE CLASS RTOS Condition cause : null
2023-11-02 14:04:50,983 [WARN] PackLoader:240 - Cannot read IP mode file for STMicroelectronics.X-CUBE-AZRTOS-H7.3.1.0
2023-11-02 14:04:50,990 [WARN] ConditionMgr:1039 - genDependencies : Invalid condition id : UX DEVICE CLASS RTOS Condition cause : null
2023-11-02 14:04:50,990 [WARN] ConditionMgr:1039 - genDependencies : Invalid condition id : UX DEVICE CLASS RTOS Condition cause : null
2023-11-02 14:04:50,991 [WARN] ConditionMgr:1039 - genDependencies : Invalid condition id : UX DEVICE CLASS RTOS Condition cause : null
2023-11-02 14:04:50,991 [WARN] ConditionMgr:1039 - genDependencies : Invalid condition id : UX DEVICE CLASS RTOS Condition cause : null
2023-11-02 14:04:50,991 [WARN] ConditionMgr:1039 - genDependencies : Invalid condition id : UX DEVICE CLASS RTOS Condition cause : null
2023-11-02 14:04:50,999 [WARN] PackLoader:240 - Cannot read IP mode file for STMicroelectronics.X-CUBE-NFC7.1.0.1
2023-11-02 14:04:51,017 [WARN] PackLoader:240 - Cannot read IP mode file for STMicroelectronics.X-CUBE-NFC6.3.0.0
2023-11-02 14:04:51,032 [WARN] PackLoader:240 - Cannot read IP mode file for STMicroelectronics.X-CUBE-AI.8.1.0
2023-11-02 14:04:51,058 [WARN] ConditionMgr:438 - getConditionDescription Invalid condition id : LAN8742 Phy interface Condition cause : null
2023-11-02 14:04:51,058 [WARN] PackLoader:240 - Cannot read IP mode file for STMicroelectronics.X-CUBE-AZRTOS-L4.2.0.0
2023-11-02 14:04:51,060 [WARN] ConditionMgr:1039 - genDependencies : Invalid condition id : LAN8742 Phy interface Condition cause : null
2023-11-02 14:04:51,060 [WARN] ConditionMgr:1039 - genDependencies : Invalid condition id : LAN8742 Phy interface Condition cause : null
2023-11-02 14:04:51,061 [WARN] ConditionMgr:1039 - genDependencies : Invalid condition id : LAN8742 Phy interface Condition cause : null
2023-11-02 14:04:51,069 [WARN] PackLoader:240 - Cannot read IP mode file for STMicroelectronics.X-CUBE-SFXS2LP1.4.0.0
2023-11-02 14:04:51,074 [WARN] PackLoader:240 - Cannot read IP mode file for STMicroelectronics.X-CUBE-ISPU.1.1.0
2023-11-02 14:04:51,089 [WARN] ConditionMgr:438 - getConditionDescription Invalid condition id : UX DEVICE CLASS RTOS Condition cause : null
2023-11-02 14:04:51,089 [WARN] ConditionMgr:438 - getConditionDescription Invalid condition id : UX DEVICE CLASS RTOS Condition cause : null
2023-11-02 14:04:51,091 [WARN] PackLoader:240 - Cannot read IP mode file for STMicroelectronics.X-CUBE-AZRTOS-WB.2.0.0
2023-11-02 14:04:51,093 [WARN] ConditionMgr:1039 - genDependencies : Invalid condition id : UX DEVICE CLASS RTOS Condition cause : null
2023-11-02 14:04:51,093 [WARN] ConditionMgr:1039 - genDependencies : Invalid condition id : UX DEVICE CLASS RTOS Condition cause : null
2023-11-02 14:04:51,093 [WARN] ConditionMgr:1039 - genDependencies : Invalid condition id : UX DEVICE CLASS RTOS Condition cause : null
2023-11-02 14:04:51,094 [WARN] ConditionMgr:1039 - genDependencies : Invalid condition id : UX DEVICE CLASS RTOS Condition cause : null
2023-11-02 14:04:51,094 [WARN] ConditionMgr:1039 - genDependencies : Invalid condition id : UX DEVICE CLASS RTOS Condition cause : null
2023-11-02 14:04:51,105 [WARN] PackLoader:240 - Cannot read IP mode file for STMicroelectronics.X-CUBE-SUBG2.5.0.0
2023-11-02 14:04:51,123 [WARN] PackLoader:240 - Cannot read IP mode file for STMicroelectronics.X-CUBE-TOF1.3.3.1
2023-11-02 14:04:51,147 [WARN] PackLoader:240 - Cannot read IP mode file for STMicroelectronics.X-CUBE-AZRTOS-G4.2.0.0
2023-11-02 14:04:51,161 [WARN] PackLoader:240 - Cannot read IP mode file for Infineon.AIROC-Wi-Fi-Bluetooth-STM32.1.5.1
2023-11-02 14:04:51,227 [WARN] PackLoader:240 - Cannot read IP mode file for STMicroelectronics.X-CUBE-MEMS1.10.0.0
2023-11-02 14:04:51,384 [WARN] PackLoader:240 - Cannot read IP mode file for STMicroelectronics.X-CUBE-FREERTOS.1.1.0
2023-11-02 14:04:51,390 [WARN] PackLoader:240 - Cannot read IP mode file for portGmbH.I-Cube-SoM-uGOAL.1.1.0
2023-11-02 14:04:51,395 [WARN] PackLoader:240 - Cannot read IP mode file for STMicroelectronics.X-CUBE-ALS.1.0.1
2023-11-02 14:04:51,399 [WARN] PackLoader:240 - Cannot read IP mode file for STMicroelectronics.FP-ATR-ASTRA1.2.0.0
2023-11-02 14:04:51,400 [INFO] ThirdParty:978 - Integrity check success = true
2023-11-02 14:04:51,400 [INFO] IntegrityCheckThread:100 - exiting critical section [integrity check]
2023-11-02 14:04:51,400 [INFO] IntegrityCheckThread:103 - End integrity checks thread
